<?xml version="1.0" encoding="UTF-8"?>
<coverage generated="1782153218787" clover="3.2.0">
  <project timestamp="1782153218787" name="All files">
    <metrics statements="661" coveredstatements="658" conditionals="926" coveredconditionals="767" methods="116" coveredmethods="114" elements="1703" coveredelements="1539" complexity="0" loc="661" ncloc="661" packages="13" files="37" classes="37"/>
    <package name=".storybook">
      <metrics statements="1" coveredstatements="1" conditionals="0" coveredconditionals="0" methods="0" coveredmethods="0"/>
      <file name="preview.ts" path="C:\Users\Ren\Documents\Estudo\Storybook\ComponentsStudy\.storybook\preview.ts">
        <metrics statements="1" coveredstatements="1" conditionals="0" coveredconditionals="0" methods="0" coveredmethods="0"/>
        <line num="4" count="9" type="stmt"/>
      </file>
    </package>
    <package name="src">
      <metrics statements="0" coveredstatements="0" conditionals="0" coveredconditionals="0" methods="0" coveredmethods="0"/>
      <file name="index.css" path="C:\Users\Ren\Documents\Estudo\Storybook\ComponentsStudy\src\index.css">
        <metrics statements="0" coveredstatements="0" conditionals="0" coveredconditionals="0" methods="0" coveredmethods="0"/>
      </file>
    </package>
    <package name="src.Components.Button">
      <metrics statements="13" coveredstatements="13" conditionals="16" coveredconditionals="16" methods="1" coveredmethods="1"/>
      <file name="index.tsx" path="C:\Users\Ren\Documents\Estudo\Storybook\ComponentsStudy\src\Components\Button\index.tsx">
        <metrics statements="13" coveredstatements="13" conditionals="16" coveredconditionals="16" methods="1" coveredmethods="1"/>
        <line num="3" count="2" type="stmt"/>
        <line num="16" count="12" type="stmt"/>
        <line num="24" count="12" type="stmt"/>
        <line num="31" count="12" type="cond" truecount="2" falsecount="0"/>
        <line num="35" count="12" type="stmt"/>
        <line num="53" count="12" type="cond" truecount="2" falsecount="0"/>
        <line num="55" count="12" type="stmt"/>
        <line num="97" count="12" type="stmt"/>
        <line num="105" count="12" type="cond" truecount="2" falsecount="0"/>
        <line num="109" count="12" type="stmt"/>
        <line num="116" count="12" type="stmt"/>
        <line num="152" count="12" type="stmt"/>
        <line num="153" count="2" type="stmt"/>
      </file>
    </package>
    <package name="src.Components.Divider">
      <metrics statements="44" coveredstatements="42" conditionals="50" coveredconditionals="43" methods="8" coveredmethods="8"/>
      <file name="index.tsx" path="C:\Users\Ren\Documents\Estudo\Storybook\ComponentsStudy\src\Components\Divider\index.tsx">
        <metrics statements="44" coveredstatements="42" conditionals="50" coveredconditionals="43" methods="8" coveredmethods="8"/>
        <line num="1" count="1" type="stmt"/>
        <line num="7" count="1" type="stmt"/>
        <line num="13" count="1" type="stmt"/>
        <line num="20" count="1" type="stmt"/>
        <line num="21" count="48" type="cond" truecount="2" falsecount="0"/>
        <line num="22" count="44" type="stmt"/>
        <line num="25" count="4" type="stmt"/>
        <line num="26" count="4" type="cond" truecount="1" falsecount="1"/>
        <line num="29" count="1" type="stmt"/>
        <line num="33" count="48" type="cond" truecount="2" falsecount="0"/>
        <line num="35" count="32" type="stmt"/>
        <line num="44" count="32" type="cond" truecount="2" falsecount="0"/>
        <line num="55" count="1" type="stmt"/>
        <line num="62" count="52" type="stmt"/>
        <line num="64" count="52" type="cond" truecount="2" falsecount="0"/>
        <line num="65" count="4" type="cond" truecount="1" falsecount="1"/>
        <line num="77" count="48" type="cond" truecount="2" falsecount="0"/>
        <line num="78" count="40" type="stmt"/>
        <line num="84" count="8" type="stmt"/>
        <line num="91" count="1" type="stmt"/>
        <line num="105" count="48" type="stmt"/>
        <line num="107" count="48" type="stmt"/>
        <line num="108" count="12" type="stmt"/>
        <line num="111" count="48" type="stmt"/>
        <line num="112" count="48" type="stmt"/>
        <line num="113" count="48" type="stmt"/>
        <line num="114" count="48" type="cond" truecount="2" falsecount="0"/>
        <line num="116" count="48" type="stmt"/>
        <line num="124" count="48" type="cond" truecount="1" falsecount="0"/>
        <line num="125" count="44" type="stmt"/>
        <line num="138" count="48" type="stmt"/>
        <line num="144" count="48" type="stmt"/>
        <line num="145" count="4" type="cond" truecount="1" falsecount="1"/>
        <line num="151" count="48" type="stmt"/>
        <line num="152" count="4" type="cond" truecount="1" falsecount="1"/>
        <line num="153" count="0" type="stmt"/>
        <line num="161" count="4" type="cond" truecount="1" falsecount="1"/>
        <line num="162" count="0" type="stmt"/>
        <line num="170" count="4" type="stmt"/>
        <line num="179" count="48" type="cond" truecount="2" falsecount="0"/>
        <line num="180" count="4" type="stmt"/>
        <line num="198" count="44" type="cond" truecount="2" falsecount="0"/>
        <line num="199" count="36" type="stmt"/>
        <line num="208" count="8" type="stmt"/>
      </file>
    </package>
    <package name="src.Components.Icons">
      <metrics statements="0" coveredstatements="0" conditionals="0" coveredconditionals="0" methods="0" coveredmethods="0"/>
      <file name="index.ts" path="C:\Users\Ren\Documents\Estudo\Storybook\ComponentsStudy\src\Components\Icons\index.ts">
        <metrics statements="0" coveredstatements="0" conditionals="0" coveredconditionals="0" methods="0" coveredmethods="0"/>
      </file>
    </package>
    <package name="src.Components.Icons.assets">
      <metrics statements="450" coveredstatements="450" conditionals="625" coveredconditionals="500" methods="75" coveredmethods="75"/>
      <file name="add.tsx" path="C:\Users\Ren\Documents\Estudo\Storybook\ComponentsStudy\src\Components\Icons\assets\add.tsx">
        <metrics statements="18" coveredstatements="18" conditionals="25" coveredconditionals="20" methods="3" coveredmethods="3"/>
        <line num="1" count="2" type="stmt"/>
        <line num="5" count="2" type="stmt"/>
        <line num="14" count="36" type="stmt"/>
        <line num="16" count="36" type="stmt"/>
        <line num="17" count="18" type="stmt"/>
        <line num="20" count="36" type="stmt"/>
        <line num="23" count="36" type="stmt"/>
        <line num="29" count="36" type="stmt"/>
        <line num="30" count="36" type="cond" truecount="1" falsecount="1"/>
        <line num="33" count="36" type="stmt"/>
        <line num="34" count="36" type="stmt"/>
        <line num="35" count="36" type="stmt"/>
        <line num="37" count="36" type="cond" truecount="2" falsecount="2"/>
        <line num="39" count="36" type="cond" truecount="2" falsecount="0"/>
        <line num="43" count="36" type="stmt"/>
        <line num="53" count="36" type="cond" truecount="2" falsecount="0"/>
        <line num="57" count="36" type="stmt"/>
        <line num="68" count="2" type="stmt"/>
      </file>
      <file name="arrowCircleLeft.tsx" path="C:\Users\Ren\Documents\Estudo\Storybook\ComponentsStudy\src\Components\Icons\assets\arrowCircleLeft.tsx">
        <metrics statements="18" coveredstatements="18" conditionals="25" coveredconditionals="20" methods="3" coveredmethods="3"/>
        <line num="1" count="2" type="stmt"/>
        <line num="5" count="2" type="stmt"/>
        <line num="14" count="36" type="stmt"/>
        <line num="16" count="36" type="stmt"/>
        <line num="17" count="18" type="stmt"/>
        <line num="20" count="36" type="stmt"/>
        <line num="23" count="36" type="stmt"/>
        <line num="29" count="36" type="stmt"/>
        <line num="30" count="36" type="cond" truecount="1" falsecount="1"/>
        <line num="33" count="36" type="stmt"/>
        <line num="34" count="36" type="stmt"/>
        <line num="35" count="36" type="stmt"/>
        <line num="37" count="36" type="cond" truecount="2" falsecount="2"/>
        <line num="39" count="36" type="cond" truecount="2" falsecount="0"/>
        <line num="43" count="36" type="stmt"/>
        <line num="53" count="36" type="cond" truecount="2" falsecount="0"/>
        <line num="57" count="36" type="stmt"/>
        <line num="70" count="2" type="stmt"/>
      </file>
      <file name="arrowCircleRight.tsx" path="C:\Users\Ren\Documents\Estudo\Storybook\ComponentsStudy\src\Components\Icons\assets\arrowCircleRight.tsx">
        <metrics statements="18" coveredstatements="18" conditionals="25" coveredconditionals="20" methods="3" coveredmethods="3"/>
        <line num="1" count="2" type="stmt"/>
        <line num="5" count="2" type="stmt"/>
        <line num="14" count="40" type="stmt"/>
        <line num="16" count="40" type="stmt"/>
        <line num="17" count="20" type="stmt"/>
        <line num="20" count="40" type="stmt"/>
        <line num="23" count="40" type="stmt"/>
        <line num="29" count="40" type="stmt"/>
        <line num="30" count="40" type="cond" truecount="1" falsecount="1"/>
        <line num="33" count="40" type="stmt"/>
        <line num="34" count="40" type="stmt"/>
        <line num="35" count="40" type="stmt"/>
        <line num="37" count="40" type="cond" truecount="2" falsecount="2"/>
        <line num="39" count="40" type="cond" truecount="2" falsecount="0"/>
        <line num="43" count="40" type="stmt"/>
        <line num="53" count="40" type="cond" truecount="2" falsecount="0"/>
        <line num="57" count="40" type="stmt"/>
        <line num="70" count="2" type="stmt"/>
      </file>
      <file name="arrowDropDown.tsx" path="C:\Users\Ren\Documents\Estudo\Storybook\ComponentsStudy\src\Components\Icons\assets\arrowDropDown.tsx">
        <metrics statements="18" coveredstatements="18" conditionals="25" coveredconditionals="20" methods="3" coveredmethods="3"/>
        <line num="1" count="2" type="stmt"/>
        <line num="5" count="2" type="stmt"/>
        <line num="14" count="36" type="stmt"/>
        <line num="16" count="36" type="stmt"/>
        <line num="17" count="18" type="stmt"/>
        <line num="20" count="36" type="stmt"/>
        <line num="23" count="36" type="stmt"/>
        <line num="29" count="36" type="stmt"/>
        <line num="30" count="36" type="cond" truecount="1" falsecount="1"/>
        <line num="33" count="36" type="stmt"/>
        <line num="34" count="36" type="stmt"/>
        <line num="35" count="36" type="stmt"/>
        <line num="37" count="36" type="cond" truecount="2" falsecount="2"/>
        <line num="39" count="36" type="cond" truecount="2" falsecount="0"/>
        <line num="43" count="36" type="stmt"/>
        <line num="53" count="36" type="cond" truecount="2" falsecount="0"/>
        <line num="57" count="36" type="stmt"/>
        <line num="68" count="2" type="stmt"/>
      </file>
      <file name="arrowDropUp.tsx" path="C:\Users\Ren\Documents\Estudo\Storybook\ComponentsStudy\src\Components\Icons\assets\arrowDropUp.tsx">
        <metrics statements="18" coveredstatements="18" conditionals="25" coveredconditionals="20" methods="3" coveredmethods="3"/>
        <line num="1" count="2" type="stmt"/>
        <line num="5" count="2" type="stmt"/>
        <line num="14" count="36" type="stmt"/>
        <line num="16" count="36" type="stmt"/>
        <line num="17" count="18" type="stmt"/>
        <line num="20" count="36" type="stmt"/>
        <line num="23" count="36" type="stmt"/>
        <line num="29" count="36" type="stmt"/>
        <line num="30" count="36" type="cond" truecount="1" falsecount="1"/>
        <line num="33" count="36" type="stmt"/>
        <line num="34" count="36" type="stmt"/>
        <line num="35" count="36" type="stmt"/>
        <line num="37" count="36" type="cond" truecount="2" falsecount="2"/>
        <line num="39" count="36" type="cond" truecount="2" falsecount="0"/>
        <line num="43" count="36" type="stmt"/>
        <line num="53" count="36" type="cond" truecount="2" falsecount="0"/>
        <line num="57" count="36" type="stmt"/>
        <line num="68" count="2" type="stmt"/>
      </file>
      <file name="arrowRightAlt.tsx" path="C:\Users\Ren\Documents\Estudo\Storybook\ComponentsStudy\src\Components\Icons\assets\arrowRightAlt.tsx">
        <metrics statements="18" coveredstatements="18" conditionals="25" coveredconditionals="20" methods="3" coveredmethods="3"/>
        <line num="1" count="2" type="stmt"/>
        <line num="5" count="2" type="stmt"/>
        <line num="14" count="36" type="stmt"/>
        <line num="16" count="36" type="stmt"/>
        <line num="17" count="18" type="stmt"/>
        <line num="20" count="36" type="stmt"/>
        <line num="23" count="36" type="stmt"/>
        <line num="29" count="36" type="stmt"/>
        <line num="30" count="36" type="cond" truecount="1" falsecount="1"/>
        <line num="33" count="36" type="stmt"/>
        <line num="34" count="36" type="stmt"/>
        <line num="35" count="36" type="stmt"/>
        <line num="37" count="36" type="cond" truecount="2" falsecount="2"/>
        <line num="39" count="36" type="cond" truecount="2" falsecount="0"/>
        <line num="43" count="36" type="stmt"/>
        <line num="53" count="36" type="cond" truecount="2" falsecount="0"/>
        <line num="57" count="36" type="stmt"/>
        <line num="68" count="2" type="stmt"/>
      </file>
      <file name="close.tsx" path="C:\Users\Ren\Documents\Estudo\Storybook\ComponentsStudy\src\Components\Icons\assets\close.tsx">
        <metrics statements="18" coveredstatements="18" conditionals="25" coveredconditionals="20" methods="3" coveredmethods="3"/>
        <line num="1" count="2" type="stmt"/>
        <line num="5" count="2" type="stmt"/>
        <line num="14" count="36" type="stmt"/>
        <line num="16" count="36" type="stmt"/>
        <line num="17" count="18" type="stmt"/>
        <line num="20" count="36" type="stmt"/>
        <line num="23" count="36" type="stmt"/>
        <line num="29" count="36" type="stmt"/>
        <line num="30" count="36" type="cond" truecount="1" falsecount="1"/>
        <line num="33" count="36" type="stmt"/>
        <line num="34" count="36" type="stmt"/>
        <line num="35" count="36" type="stmt"/>
        <line num="37" count="36" type="cond" truecount="2" falsecount="2"/>
        <line num="39" count="36" type="cond" truecount="2" falsecount="0"/>
        <line num="43" count="36" type="stmt"/>
        <line num="53" count="36" type="cond" truecount="2" falsecount="0"/>
        <line num="57" count="36" type="stmt"/>
        <line num="68" count="2" type="stmt"/>
      </file>
      <file name="copy.tsx" path="C:\Users\Ren\Documents\Estudo\Storybook\ComponentsStudy\src\Components\Icons\assets\copy.tsx">
        <metrics statements="18" coveredstatements="18" conditionals="25" coveredconditionals="20" methods="3" coveredmethods="3"/>
        <line num="1" count="2" type="stmt"/>
        <line num="5" count="2" type="stmt"/>
        <line num="14" count="36" type="stmt"/>
        <line num="16" count="36" type="stmt"/>
        <line num="17" count="18" type="stmt"/>
        <line num="20" count="36" type="stmt"/>
        <line num="23" count="36" type="stmt"/>
        <line num="29" count="36" type="stmt"/>
        <line num="30" count="36" type="cond" truecount="1" falsecount="1"/>
        <line num="33" count="36" type="stmt"/>
        <line num="34" count="36" type="stmt"/>
        <line num="35" count="36" type="stmt"/>
        <line num="37" count="36" type="cond" truecount="2" falsecount="2"/>
        <line num="39" count="36" type="cond" truecount="2" falsecount="0"/>
        <line num="43" count="36" type="stmt"/>
        <line num="53" count="36" type="cond" truecount="2" falsecount="0"/>
        <line num="57" count="36" type="stmt"/>
        <line num="68" count="2" type="stmt"/>
      </file>
      <file name="delete.tsx" path="C:\Users\Ren\Documents\Estudo\Storybook\ComponentsStudy\src\Components\Icons\assets\delete.tsx">
        <metrics statements="18" coveredstatements="18" conditionals="25" coveredconditionals="20" methods="3" coveredmethods="3"/>
        <line num="1" count="2" type="stmt"/>
        <line num="5" count="2" type="stmt"/>
        <line num="14" count="36" type="stmt"/>
        <line num="16" count="36" type="stmt"/>
        <line num="17" count="18" type="stmt"/>
        <line num="20" count="36" type="stmt"/>
        <line num="23" count="36" type="stmt"/>
        <line num="29" count="36" type="stmt"/>
        <line num="30" count="36" type="cond" truecount="1" falsecount="1"/>
        <line num="33" count="36" type="stmt"/>
        <line num="34" count="36" type="stmt"/>
        <line num="35" count="36" type="stmt"/>
        <line num="37" count="36" type="cond" truecount="2" falsecount="2"/>
        <line num="39" count="36" type="cond" truecount="2" falsecount="0"/>
        <line num="43" count="36" type="stmt"/>
        <line num="53" count="36" type="cond" truecount="2" falsecount="0"/>
        <line num="57" count="36" type="stmt"/>
        <line num="68" count="2" type="stmt"/>
      </file>
      <file name="done.tsx" path="C:\Users\Ren\Documents\Estudo\Storybook\ComponentsStudy\src\Components\Icons\assets\done.tsx">
        <metrics statements="18" coveredstatements="18" conditionals="25" coveredconditionals="20" methods="3" coveredmethods="3"/>
        <line num="1" count="2" type="stmt"/>
        <line num="5" count="2" type="stmt"/>
        <line num="14" count="36" type="stmt"/>
        <line num="16" count="36" type="stmt"/>
        <line num="17" count="18" type="stmt"/>
        <line num="20" count="36" type="stmt"/>
        <line num="23" count="36" type="stmt"/>
        <line num="29" count="36" type="stmt"/>
        <line num="30" count="36" type="cond" truecount="1" falsecount="1"/>
        <line num="33" count="36" type="stmt"/>
        <line num="34" count="36" type="stmt"/>
        <line num="35" count="36" type="stmt"/>
        <line num="37" count="36" type="cond" truecount="2" falsecount="2"/>
        <line num="39" count="36" type="cond" truecount="2" falsecount="0"/>
        <line num="43" count="36" type="stmt"/>
        <line num="53" count="36" type="cond" truecount="2" falsecount="0"/>
        <line num="57" count="36" type="stmt"/>
        <line num="68" count="2" type="stmt"/>
      </file>
      <file name="expandLess.tsx" path="C:\Users\Ren\Documents\Estudo\Storybook\ComponentsStudy\src\Components\Icons\assets\expandLess.tsx">
        <metrics statements="18" coveredstatements="18" conditionals="25" coveredconditionals="20" methods="3" coveredmethods="3"/>
        <line num="1" count="2" type="stmt"/>
        <line num="5" count="2" type="stmt"/>
        <line num="14" count="36" type="stmt"/>
        <line num="16" count="36" type="stmt"/>
        <line num="17" count="18" type="stmt"/>
        <line num="20" count="36" type="stmt"/>
        <line num="23" count="36" type="stmt"/>
        <line num="29" count="36" type="stmt"/>
        <line num="30" count="36" type="cond" truecount="1" falsecount="1"/>
        <line num="33" count="36" type="stmt"/>
        <line num="34" count="36" type="stmt"/>
        <line num="35" count="36" type="stmt"/>
        <line num="37" count="36" type="cond" truecount="2" falsecount="2"/>
        <line num="39" count="36" type="cond" truecount="2" falsecount="0"/>
        <line num="43" count="36" type="stmt"/>
        <line num="53" count="36" type="cond" truecount="2" falsecount="0"/>
        <line num="57" count="36" type="stmt"/>
        <line num="68" count="2" type="stmt"/>
      </file>
      <file name="expandMore.tsx" path="C:\Users\Ren\Documents\Estudo\Storybook\ComponentsStudy\src\Components\Icons\assets\expandMore.tsx">
        <metrics statements="18" coveredstatements="18" conditionals="25" coveredconditionals="20" methods="3" coveredmethods="3"/>
        <line num="1" count="2" type="stmt"/>
        <line num="5" count="2" type="stmt"/>
        <line num="14" count="36" type="stmt"/>
        <line num="16" count="36" type="stmt"/>
        <line num="17" count="18" type="stmt"/>
        <line num="20" count="36" type="stmt"/>
        <line num="23" count="36" type="stmt"/>
        <line num="29" count="36" type="stmt"/>
        <line num="30" count="36" type="cond" truecount="1" falsecount="1"/>
        <line num="33" count="36" type="stmt"/>
        <line num="34" count="36" type="stmt"/>
        <line num="35" count="36" type="stmt"/>
        <line num="37" count="36" type="cond" truecount="2" falsecount="2"/>
        <line num="39" count="36" type="cond" truecount="2" falsecount="0"/>
        <line num="43" count="36" type="stmt"/>
        <line num="53" count="36" type="cond" truecount="2" falsecount="0"/>
        <line num="57" count="36" type="stmt"/>
        <line num="68" count="2" type="stmt"/>
      </file>
      <file name="filterAlt.tsx" path="C:\Users\Ren\Documents\Estudo\Storybook\ComponentsStudy\src\Components\Icons\assets\filterAlt.tsx">
        <metrics statements="18" coveredstatements="18" conditionals="25" coveredconditionals="20" methods="3" coveredmethods="3"/>
        <line num="1" count="2" type="stmt"/>
        <line num="5" count="2" type="stmt"/>
        <line num="14" count="36" type="stmt"/>
        <line num="16" count="36" type="stmt"/>
        <line num="17" count="18" type="stmt"/>
        <line num="20" count="36" type="stmt"/>
        <line num="23" count="36" type="stmt"/>
        <line num="29" count="36" type="stmt"/>
        <line num="30" count="36" type="cond" truecount="1" falsecount="1"/>
        <line num="33" count="36" type="stmt"/>
        <line num="34" count="36" type="stmt"/>
        <line num="35" count="36" type="stmt"/>
        <line num="37" count="36" type="cond" truecount="2" falsecount="2"/>
        <line num="39" count="36" type="cond" truecount="2" falsecount="0"/>
        <line num="43" count="36" type="stmt"/>
        <line num="53" count="36" type="cond" truecount="2" falsecount="0"/>
        <line num="57" count="36" type="stmt"/>
        <line num="70" count="2" type="stmt"/>
      </file>
      <file name="filterAltOff.tsx" path="C:\Users\Ren\Documents\Estudo\Storybook\ComponentsStudy\src\Components\Icons\assets\filterAltOff.tsx">
        <metrics statements="18" coveredstatements="18" conditionals="25" coveredconditionals="20" methods="3" coveredmethods="3"/>
        <line num="1" count="2" type="stmt"/>
        <line num="5" count="2" type="stmt"/>
        <line num="14" count="36" type="stmt"/>
        <line num="16" count="36" type="stmt"/>
        <line num="17" count="18" type="stmt"/>
        <line num="20" count="36" type="stmt"/>
        <line num="23" count="36" type="stmt"/>
        <line num="29" count="36" type="stmt"/>
        <line num="30" count="36" type="cond" truecount="1" falsecount="1"/>
        <line num="33" count="36" type="stmt"/>
        <line num="34" count="36" type="stmt"/>
        <line num="35" count="36" type="stmt"/>
        <line num="37" count="36" type="cond" truecount="2" falsecount="2"/>
        <line num="39" count="36" type="cond" truecount="2" falsecount="0"/>
        <line num="43" count="36" type="stmt"/>
        <line num="53" count="36" type="cond" truecount="2" falsecount="0"/>
        <line num="57" count="36" type="stmt"/>
        <line num="70" count="2" type="stmt"/>
      </file>
      <file name="help.tsx" path="C:\Users\Ren\Documents\Estudo\Storybook\ComponentsStudy\src\Components\Icons\assets\help.tsx">
        <metrics statements="18" coveredstatements="18" conditionals="25" coveredconditionals="20" methods="3" coveredmethods="3"/>
        <line num="1" count="2" type="stmt"/>
        <line num="5" count="2" type="stmt"/>
        <line num="14" count="36" type="stmt"/>
        <line num="16" count="36" type="stmt"/>
        <line num="17" count="18" type="stmt"/>
        <line num="20" count="36" type="stmt"/>
        <line num="23" count="36" type="stmt"/>
        <line num="29" count="36" type="stmt"/>
        <line num="30" count="36" type="cond" truecount="1" falsecount="1"/>
        <line num="33" count="36" type="stmt"/>
        <line num="34" count="36" type="stmt"/>
        <line num="35" count="36" type="stmt"/>
        <line num="37" count="36" type="cond" truecount="2" falsecount="2"/>
        <line num="39" count="36" type="cond" truecount="2" falsecount="0"/>
        <line num="43" count="36" type="stmt"/>
        <line num="53" count="36" type="cond" truecount="2" falsecount="0"/>
        <line num="57" count="36" type="stmt"/>
        <line num="68" count="2" type="stmt"/>
      </file>
      <file name="home.tsx" path="C:\Users\Ren\Documents\Estudo\Storybook\ComponentsStudy\src\Components\Icons\assets\home.tsx">
        <metrics statements="18" coveredstatements="18" conditionals="25" coveredconditionals="20" methods="3" coveredmethods="3"/>
        <line num="1" count="2" type="stmt"/>
        <line num="5" count="2" type="stmt"/>
        <line num="14" count="36" type="stmt"/>
        <line num="16" count="36" type="stmt"/>
        <line num="17" count="18" type="stmt"/>
        <line num="20" count="36" type="stmt"/>
        <line num="23" count="36" type="stmt"/>
        <line num="29" count="36" type="stmt"/>
        <line num="30" count="36" type="cond" truecount="1" falsecount="1"/>
        <line num="33" count="36" type="stmt"/>
        <line num="34" count="36" type="stmt"/>
        <line num="35" count="36" type="stmt"/>
        <line num="37" count="36" type="cond" truecount="2" falsecount="2"/>
        <line num="39" count="36" type="cond" truecount="2" falsecount="0"/>
        <line num="43" count="36" type="stmt"/>
        <line num="53" count="36" type="cond" truecount="2" falsecount="0"/>
        <line num="57" count="36" type="stmt"/>
        <line num="68" count="2" type="stmt"/>
      </file>
      <file name="menu.tsx" path="C:\Users\Ren\Documents\Estudo\Storybook\ComponentsStudy\src\Components\Icons\assets\menu.tsx">
        <metrics statements="18" coveredstatements="18" conditionals="25" coveredconditionals="20" methods="3" coveredmethods="3"/>
        <line num="1" count="2" type="stmt"/>
        <line num="5" count="2" type="stmt"/>
        <line num="14" count="36" type="stmt"/>
        <line num="16" count="36" type="stmt"/>
        <line num="17" count="18" type="stmt"/>
        <line num="20" count="36" type="stmt"/>
        <line num="23" count="36" type="stmt"/>
        <line num="29" count="36" type="stmt"/>
        <line num="30" count="36" type="cond" truecount="1" falsecount="1"/>
        <line num="33" count="36" type="stmt"/>
        <line num="34" count="36" type="stmt"/>
        <line num="35" count="36" type="stmt"/>
        <line num="37" count="36" type="cond" truecount="2" falsecount="2"/>
        <line num="39" count="36" type="cond" truecount="2" falsecount="0"/>
        <line num="43" count="36" type="stmt"/>
        <line num="53" count="36" type="cond" truecount="2" falsecount="0"/>
        <line num="57" count="36" type="stmt"/>
        <line num="68" count="2" type="stmt"/>
      </file>
      <file name="moreVert.tsx" path="C:\Users\Ren\Documents\Estudo\Storybook\ComponentsStudy\src\Components\Icons\assets\moreVert.tsx">
        <metrics statements="18" coveredstatements="18" conditionals="25" coveredconditionals="20" methods="3" coveredmethods="3"/>
        <line num="1" count="2" type="stmt"/>
        <line num="5" count="2" type="stmt"/>
        <line num="14" count="36" type="stmt"/>
        <line num="16" count="36" type="stmt"/>
        <line num="17" count="18" type="stmt"/>
        <line num="20" count="36" type="stmt"/>
        <line num="23" count="36" type="stmt"/>
        <line num="29" count="36" type="stmt"/>
        <line num="30" count="36" type="cond" truecount="1" falsecount="1"/>
        <line num="33" count="36" type="stmt"/>
        <line num="34" count="36" type="stmt"/>
        <line num="35" count="36" type="stmt"/>
        <line num="37" count="36" type="cond" truecount="2" falsecount="2"/>
        <line num="39" count="36" type="cond" truecount="2" falsecount="0"/>
        <line num="43" count="36" type="stmt"/>
        <line num="53" count="36" type="cond" truecount="2" falsecount="0"/>
        <line num="57" count="36" type="stmt"/>
        <line num="68" count="2" type="stmt"/>
      </file>
      <file name="remove.tsx" path="C:\Users\Ren\Documents\Estudo\Storybook\ComponentsStudy\src\Components\Icons\assets\remove.tsx">
        <metrics statements="18" coveredstatements="18" conditionals="25" coveredconditionals="20" methods="3" coveredmethods="3"/>
        <line num="1" count="2" type="stmt"/>
        <line num="5" count="2" type="stmt"/>
        <line num="14" count="36" type="stmt"/>
        <line num="16" count="36" type="stmt"/>
        <line num="17" count="18" type="stmt"/>
        <line num="20" count="36" type="stmt"/>
        <line num="23" count="36" type="stmt"/>
        <line num="29" count="36" type="stmt"/>
        <line num="30" count="36" type="cond" truecount="1" falsecount="1"/>
        <line num="33" count="36" type="stmt"/>
        <line num="34" count="36" type="stmt"/>
        <line num="35" count="36" type="stmt"/>
        <line num="37" count="36" type="cond" truecount="2" falsecount="2"/>
        <line num="39" count="36" type="cond" truecount="2" falsecount="0"/>
        <line num="43" count="36" type="stmt"/>
        <line num="53" count="36" type="cond" truecount="2" falsecount="0"/>
        <line num="57" count="36" type="stmt"/>
        <line num="68" count="2" type="stmt"/>
      </file>
      <file name="search.tsx" path="C:\Users\Ren\Documents\Estudo\Storybook\ComponentsStudy\src\Components\Icons\assets\search.tsx">
        <metrics statements="18" coveredstatements="18" conditionals="25" coveredconditionals="20" methods="3" coveredmethods="3"/>
        <line num="1" count="2" type="stmt"/>
        <line num="5" count="2" type="stmt"/>
        <line num="14" count="36" type="stmt"/>
        <line num="16" count="36" type="stmt"/>
        <line num="17" count="18" type="stmt"/>
        <line num="20" count="36" type="stmt"/>
        <line num="23" count="36" type="stmt"/>
        <line num="29" count="36" type="stmt"/>
        <line num="30" count="36" type="cond" truecount="1" falsecount="1"/>
        <line num="33" count="36" type="stmt"/>
        <line num="34" count="36" type="stmt"/>
        <line num="35" count="36" type="stmt"/>
        <line num="37" count="36" type="cond" truecount="2" falsecount="2"/>
        <line num="39" count="36" type="cond" truecount="2" falsecount="0"/>
        <line num="43" count="36" type="stmt"/>
        <line num="53" count="36" type="cond" truecount="2" falsecount="0"/>
        <line num="57" count="36" type="stmt"/>
        <line num="68" count="2" type="stmt"/>
      </file>
      <file name="settings.tsx" path="C:\Users\Ren\Documents\Estudo\Storybook\ComponentsStudy\src\Components\Icons\assets\settings.tsx">
        <metrics statements="18" coveredstatements="18" conditionals="25" coveredconditionals="20" methods="3" coveredmethods="3"/>
        <line num="1" count="2" type="stmt"/>
        <line num="5" count="2" type="stmt"/>
        <line num="14" count="36" type="stmt"/>
        <line num="16" count="36" type="stmt"/>
        <line num="17" count="18" type="stmt"/>
        <line num="20" count="36" type="stmt"/>
        <line num="23" count="36" type="stmt"/>
        <line num="29" count="36" type="stmt"/>
        <line num="30" count="36" type="cond" truecount="1" falsecount="1"/>
        <line num="33" count="36" type="stmt"/>
        <line num="34" count="36" type="stmt"/>
        <line num="35" count="36" type="stmt"/>
        <line num="37" count="36" type="cond" truecount="2" falsecount="2"/>
        <line num="39" count="36" type="cond" truecount="2" falsecount="0"/>
        <line num="43" count="36" type="stmt"/>
        <line num="53" count="36" type="cond" truecount="2" falsecount="0"/>
        <line num="57" count="36" type="stmt"/>
        <line num="68" count="2" type="stmt"/>
      </file>
      <file name="sort.tsx" path="C:\Users\Ren\Documents\Estudo\Storybook\ComponentsStudy\src\Components\Icons\assets\sort.tsx">
        <metrics statements="18" coveredstatements="18" conditionals="25" coveredconditionals="20" methods="3" coveredmethods="3"/>
        <line num="1" count="2" type="stmt"/>
        <line num="5" count="2" type="stmt"/>
        <line num="14" count="36" type="stmt"/>
        <line num="16" count="36" type="stmt"/>
        <line num="17" count="18" type="stmt"/>
        <line num="20" count="36" type="stmt"/>
        <line num="23" count="36" type="stmt"/>
        <line num="29" count="36" type="stmt"/>
        <line num="30" count="36" type="cond" truecount="1" falsecount="1"/>
        <line num="33" count="36" type="stmt"/>
        <line num="34" count="36" type="stmt"/>
        <line num="35" count="36" type="stmt"/>
        <line num="37" count="36" type="cond" truecount="2" falsecount="2"/>
        <line num="39" count="36" type="cond" truecount="2" falsecount="0"/>
        <line num="43" count="36" type="stmt"/>
        <line num="53" count="36" type="cond" truecount="2" falsecount="0"/>
        <line num="57" count="36" type="stmt"/>
        <line num="68" count="2" type="stmt"/>
      </file>
      <file name="thumbUp.tsx" path="C:\Users\Ren\Documents\Estudo\Storybook\ComponentsStudy\src\Components\Icons\assets\thumbUp.tsx">
        <metrics statements="18" coveredstatements="18" conditionals="25" coveredconditionals="20" methods="3" coveredmethods="3"/>
        <line num="1" count="2" type="stmt"/>
        <line num="5" count="2" type="stmt"/>
        <line num="14" count="36" type="stmt"/>
        <line num="16" count="36" type="stmt"/>
        <line num="17" count="18" type="stmt"/>
        <line num="20" count="36" type="stmt"/>
        <line num="23" count="36" type="stmt"/>
        <line num="29" count="36" type="stmt"/>
        <line num="30" count="36" type="cond" truecount="1" falsecount="1"/>
        <line num="33" count="36" type="stmt"/>
        <line num="34" count="36" type="stmt"/>
        <line num="35" count="36" type="stmt"/>
        <line num="37" count="36" type="cond" truecount="2" falsecount="2"/>
        <line num="39" count="36" type="cond" truecount="2" falsecount="0"/>
        <line num="43" count="36" type="stmt"/>
        <line num="53" count="36" type="cond" truecount="2" falsecount="0"/>
        <line num="57" count="36" type="stmt"/>
        <line num="68" count="2" type="stmt"/>
      </file>
      <file name="visibility.tsx" path="C:\Users\Ren\Documents\Estudo\Storybook\ComponentsStudy\src\Components\Icons\assets\visibility.tsx">
        <metrics statements="18" coveredstatements="18" conditionals="25" coveredconditionals="20" methods="3" coveredmethods="3"/>
        <line num="1" count="2" type="stmt"/>
        <line num="5" count="2" type="stmt"/>
        <line num="14" count="36" type="stmt"/>
        <line num="16" count="36" type="stmt"/>
        <line num="17" count="18" type="stmt"/>
        <line num="20" count="36" type="stmt"/>
        <line num="23" count="36" type="stmt"/>
        <line num="29" count="36" type="stmt"/>
        <line num="30" count="36" type="cond" truecount="1" falsecount="1"/>
        <line num="33" count="36" type="stmt"/>
        <line num="34" count="36" type="stmt"/>
        <line num="35" count="36" type="stmt"/>
        <line num="37" count="36" type="cond" truecount="2" falsecount="2"/>
        <line num="39" count="36" type="cond" truecount="2" falsecount="0"/>
        <line num="43" count="36" type="stmt"/>
        <line num="53" count="36" type="cond" truecount="2" falsecount="0"/>
        <line num="57" count="36" type="stmt"/>
        <line num="68" count="2" type="stmt"/>
      </file>
      <file name="visibilityOff.tsx" path="C:\Users\Ren\Documents\Estudo\Storybook\ComponentsStudy\src\Components\Icons\assets\visibilityOff.tsx">
        <metrics statements="18" coveredstatements="18" conditionals="25" coveredconditionals="20" methods="3" coveredmethods="3"/>
        <line num="1" count="2" type="stmt"/>
        <line num="5" count="2" type="stmt"/>
        <line num="14" count="36" type="stmt"/>
        <line num="16" count="36" type="stmt"/>
        <line num="17" count="18" type="stmt"/>
        <line num="20" count="36" type="stmt"/>
        <line num="23" count="36" type="stmt"/>
        <line num="29" count="36" type="stmt"/>
        <line num="30" count="36" type="cond" truecount="1" falsecount="1"/>
        <line num="33" count="36" type="stmt"/>
        <line num="34" count="36" type="stmt"/>
        <line num="35" count="36" type="stmt"/>
        <line num="37" count="36" type="cond" truecount="2" falsecount="2"/>
        <line num="39" count="36" type="cond" truecount="2" falsecount="0"/>
        <line num="43" count="36" type="stmt"/>
        <line num="53" count="36" type="cond" truecount="2" falsecount="0"/>
        <line num="57" count="36" type="stmt"/>
        <line num="68" count="2" type="stmt"/>
      </file>
    </package>
    <package name="src.Components.Link">
      <metrics statements="25" coveredstatements="25" conditionals="32" coveredconditionals="32" methods="4" coveredmethods="4"/>
      <file name="index.tsx" path="C:\Users\Ren\Documents\Estudo\Storybook\ComponentsStudy\src\Components\Link\index.tsx">
        <metrics statements="25" coveredstatements="25" conditionals="32" coveredconditionals="32" methods="4" coveredmethods="4"/>
        <line num="1" count="1" type="stmt"/>
        <line num="5" count="1" type="stmt"/>
        <line num="12" count="1" type="stmt"/>
        <line num="24" count="36" type="stmt"/>
        <line num="29" count="36" type="stmt"/>
        <line num="31" count="36" type="stmt"/>
        <line num="32" count="9" type="stmt"/>
        <line num="35" count="36" type="stmt"/>
        <line num="36" count="9" type="stmt"/>
        <line num="39" count="36" type="stmt"/>
        <line num="42" count="36" type="stmt"/>
        <line num="49" count="36" type="stmt"/>
        <line num="50" count="36" type="cond" truecount="2" falsecount="0"/>
        <line num="53" count="36" type="stmt"/>
        <line num="54" count="36" type="stmt"/>
        <line num="55" count="36" type="stmt"/>
        <line num="57" count="36" type="cond" truecount="4" falsecount="0"/>
        <line num="59" count="36" type="stmt"/>
        <line num="65" count="36" type="cond" truecount="2" falsecount="0"/>
        <line num="69" count="36" type="stmt"/>
        <line num="70" count="36" type="stmt"/>
        <line num="74" count="36" type="cond" truecount="2" falsecount="0"/>
        <line num="77" count="36" type="cond" truecount="2" falsecount="0"/>
        <line num="81" count="36" type="stmt"/>
        <line num="82" count="1" type="stmt"/>
      </file>
    </package>
    <package name="src.Components.Loadings.Circle">
      <metrics statements="30" coveredstatements="30" conditionals="61" coveredconditionals="45" methods="6" coveredmethods="6"/>
      <file name="index.tsx" path="C:\Users\Ren\Documents\Estudo\Storybook\ComponentsStudy\src\Components\Loadings\Circle\index.tsx">
        <metrics statements="30" coveredstatements="30" conditionals="61" coveredconditionals="45" methods="6" coveredmethods="6"/>
        <line num="1" count="1" type="stmt"/>
        <line num="6" count="1" type="stmt"/>
        <line num="21" count="56" type="stmt"/>
        <line num="23" count="56" type="stmt"/>
        <line num="24" count="14" type="stmt"/>
        <line num="27" count="56" type="stmt"/>
        <line num="30" count="56" type="stmt"/>
        <line num="36" count="56" type="stmt"/>
        <line num="37" count="56" type="cond" truecount="1" falsecount="1"/>
        <line num="40" count="56" type="stmt"/>
        <line num="41" count="56" type="stmt"/>
        <line num="42" count="56" type="stmt"/>
        <line num="44" count="56" type="cond" truecount="2" falsecount="2"/>
        <line num="46" count="56" type="stmt"/>
        <line num="54" count="56" type="cond" truecount="2" falsecount="0"/>
        <line num="55" count="56" type="cond" truecount="1" falsecount="1"/>
        <line num="57" count="56" type="stmt"/>
        <line num="59" count="56" type="stmt"/>
        <line num="68" count="56" type="stmt"/>
        <line num="73" count="56" type="cond" truecount="2" falsecount="0"/>
        <line num="74" count="40" type="cond" truecount="2" falsecount="0"/>
        <line num="77" count="56" type="stmt"/>
        <line num="79" count="56" type="stmt"/>
        <line num="80" count="32" type="stmt"/>
        <line num="87" count="1" type="stmt"/>
        <line num="109" count="56" type="stmt"/>
        <line num="110" count="24" type="stmt"/>
        <line num="152" count="56" type="cond" truecount="2" falsecount="0"/>
        <line num="154" count="56" type="cond" truecount="2" falsecount="0"/>
        <line num="156" count="56" type="stmt"/>
      </file>
    </package>
    <package name="src.Components.Loadings.Dots">
      <metrics statements="24" coveredstatements="23" conditionals="30" coveredconditionals="28" methods="8" coveredmethods="6"/>
      <file name="index.tsx" path="C:\Users\Ren\Documents\Estudo\Storybook\ComponentsStudy\src\Components\Loadings\Dots\index.tsx">
        <metrics statements="24" coveredstatements="23" conditionals="30" coveredconditionals="28" methods="8" coveredmethods="6"/>
        <line num="1" count="1" type="stmt"/>
        <line num="5" count="1" type="stmt"/>
        <line num="15" count="32" type="stmt"/>
        <line num="16" count="32" type="stmt"/>
        <line num="18" count="32" type="stmt"/>
        <line num="19" count="16" type="stmt"/>
        <line num="22" count="32" type="stmt"/>
        <line num="23" count="8" type="cond" truecount="2" falsecount="0"/>
        <line num="24" count="1" type="stmt"/>
        <line num="25" count="1" type="stmt"/>
        <line num="28" count="7" type="stmt"/>
        <line num="29" count="0" type="cond" truecount="0" falsecount="2"/>
        <line num="32" count="7" type="stmt"/>
        <line num="35" count="32" type="stmt"/>
        <line num="36" count="32" type="stmt"/>
        <line num="44" count="32" type="stmt"/>
        <line num="47" count="32" type="stmt"/>
        <line num="53" count="32" type="stmt"/>
        <line num="54" count="32" type="cond" truecount="2" falsecount="0"/>
        <line num="57" count="32" type="stmt"/>
        <line num="58" count="32" type="stmt"/>
        <line num="59" count="32" type="stmt"/>
        <line num="61" count="32" type="cond" truecount="4" falsecount="0"/>
        <line num="63" count="32" type="stmt"/>
      </file>
    </package>
    <package name="src.Components.Loadings.ProgressBar">
      <metrics statements="34" coveredstatements="34" conditionals="65" coveredconditionals="56" methods="7" coveredmethods="7"/>
      <file name="index.tsx" path="C:\Users\Ren\Documents\Estudo\Storybook\ComponentsStudy\src\Components\Loadings\ProgressBar\index.tsx">
        <metrics statements="34" coveredstatements="34" conditionals="65" coveredconditionals="56" methods="7" coveredmethods="7"/>
        <line num="1" count="1" type="stmt"/>
        <line num="8" count="1" type="stmt"/>
        <line num="25" count="64" type="stmt"/>
        <line num="30" count="64" type="stmt"/>
        <line num="32" count="64" type="stmt"/>
        <line num="33" count="16" type="stmt"/>
        <line num="36" count="64" type="stmt"/>
        <line num="37" count="16" type="stmt"/>
        <line num="40" count="64" type="stmt"/>
        <line num="43" count="64" type="stmt"/>
        <line num="49" count="64" type="stmt"/>
        <line num="50" count="64" type="cond" truecount="1" falsecount="1"/>
        <line num="53" count="64" type="stmt"/>
        <line num="54" count="64" type="stmt"/>
        <line num="55" count="64" type="stmt"/>
        <line num="57" count="64" type="cond" truecount="2" falsecount="2"/>
        <line num="59" count="64" type="stmt"/>
        <line num="67" count="64" type="cond" truecount="2" falsecount="0"/>
        <line num="68" count="64" type="cond" truecount="1" falsecount="1"/>
        <line num="70" count="64" type="stmt"/>
        <line num="79" count="64" type="stmt"/>
        <line num="84" count="128" type="cond" truecount="2" falsecount="0"/>
        <line num="85" count="94" type="cond" truecount="2" falsecount="0"/>
        <line num="88" count="64" type="stmt"/>
        <line num="89" count="64" type="stmt"/>
        <line num="95" count="64" type="stmt"/>
        <line num="101" count="64" type="stmt"/>
        <line num="105" count="64" type="stmt"/>
        <line num="106" count="40" type="stmt"/>
        <line num="111" count="1" type="stmt"/>
        <line num="129" count="64" type="stmt"/>
        <line num="130" count="24" type="stmt"/>
        <line num="156" count="64" type="cond" truecount="2" falsecount="0"/>
        <line num="160" count="64" type="stmt"/>
      </file>
    </package>
    <package name="src.Components.Skeleton">
      <metrics statements="11" coveredstatements="11" conditionals="28" coveredconditionals="28" methods="2" coveredmethods="2"/>
      <file name="index.tsx" path="C:\Users\Ren\Documents\Estudo\Storybook\ComponentsStudy\src\Components\Skeleton\index.tsx">
        <metrics statements="11" coveredstatements="11" conditionals="28" coveredconditionals="28" methods="2" coveredmethods="2"/>
        <line num="1" count="1" type="stmt"/>
        <line num="5" count="1" type="stmt"/>
        <line num="16" count="36" type="stmt"/>
        <line num="18" count="36" type="stmt"/>
        <line num="19" count="18" type="stmt"/>
        <line num="22" count="36" type="stmt"/>
        <line num="29" count="36" type="cond" truecount="2" falsecount="0"/>
        <line num="31" count="36" type="stmt"/>
        <line num="36" count="36" type="cond" truecount="2" falsecount="0"/>
        <line num="37" count="36" type="stmt"/>
        <line num="46" count="1" type="stmt"/>
      </file>
    </package>
    <package name="src.Components.Typography">
      <metrics statements="12" coveredstatements="12" conditionals="11" coveredconditionals="11" methods="2" coveredmethods="2"/>
      <file name="index.tsx" path="C:\Users\Ren\Documents\Estudo\Storybook\ComponentsStudy\src\Components\Typography\index.tsx">
        <metrics statements="12" coveredstatements="12" conditionals="11" coveredconditionals="11" methods="2" coveredmethods="2"/>
        <line num="7" count="1" type="stmt"/>
        <line num="15" count="6" type="stmt"/>
        <line num="17" count="6" type="stmt"/>
        <line num="28" count="6" type="stmt"/>
        <line num="37" count="6" type="stmt"/>
        <line num="38" count="6" type="stmt"/>
        <line num="50" count="6" type="stmt"/>
        <line num="51" count="6" type="cond" truecount="2" falsecount="0"/>
        <line num="54" count="6" type="stmt"/>
        <line num="55" count="6" type="cond" truecount="2" falsecount="0"/>
        <line num="57" count="6" type="stmt"/>
        <line num="58" count="1" type="stmt"/>
      </file>
    </package>
    <package name="src.utils.hooks">
      <metrics statements="17" coveredstatements="17" conditionals="8" coveredconditionals="8" methods="3" coveredmethods="3"/>
      <file name="useColor.tsx" path="C:\Users\Ren\Documents\Estudo\Storybook\ComponentsStudy\src\utils\hooks\useColor.tsx">
        <metrics statements="17" coveredstatements="17" conditionals="8" coveredconditionals="8" methods="3" coveredmethods="3"/>
        <line num="1" count="7" type="stmt"/>
        <line num="12" count="8" type="stmt"/>
        <line num="13" count="1286" type="stmt"/>
        <line num="14" count="1286" type="stmt"/>
        <line num="15" count="1286" type="stmt"/>
        <line num="17" count="1286" type="stmt"/>
        <line num="18" count="963" type="stmt"/>
        <line num="20" count="963" type="cond" truecount="2" falsecount="0"/>
        <line num="21" count="353" type="stmt"/>
        <line num="23" count="610" type="stmt"/>
        <line num="26" count="963" type="cond" truecount="2" falsecount="0"/>
        <line num="28" count="963" type="cond" truecount="2" falsecount="0"/>
        <line num="33" count="1286" type="stmt"/>
        <line num="34" count="963" type="stmt"/>
        <line num="43" count="963" type="stmt"/>
        <line num="45" count="963" type="cond" truecount="2" falsecount="0"/>
        <line num="48" count="1286" type="stmt"/>
      </file>
    </package>
  </project>
</coverage>
