{"C:\\Users\\Ren\\Documents\\Estudo\\Storybook\\ComponentsStudy\\.storybook\\preview.ts": {"path":"C:\\Users\\Ren\\Documents\\Estudo\\Storybook\\ComponentsStudy\\.storybook\\preview.ts","statementMap":{"0":{"start":{"line":4,"column":25},"end":{"line":24,"column":null}}},"fnMap":{},"branchMap":{},"s":{"0":9},"f":{},"b":{},"meta":{"lastBranch":0,"lastFunction":0,"lastStatement":1,"seen":{"s:4:25:24:Infinity":0}}}
,"C:\\Users\\Ren\\Documents\\Estudo\\Storybook\\ComponentsStudy\\src\\index.css": {"path":"C:\\Users\\Ren\\Documents\\Estudo\\Storybook\\ComponentsStudy\\src\\index.css","statementMap":{},"fnMap":{},"branchMap":{},"s":{},"f":{},"b":{},"meta":{"lastBranch":0,"lastFunction":0,"lastStatement":0,"seen":{}}}
,"C:\\Users\\Ren\\Documents\\Estudo\\Storybook\\ComponentsStudy\\src\\Components\\Button\\index.tsx": {"path":"C:\\Users\\Ren\\Documents\\Estudo\\Storybook\\ComponentsStudy\\src\\Components\\Button\\index.tsx","statementMap":{"0":{"start":{"line":153,"column":4},"end":{"line":153,"column":5}},"1":{"start":{"line":3,"column":53},"end":{"line":161,"column":null}},"2":{"start":{"line":16,"column":22},"end":{"line":22,"column":null}},"3":{"start":{"line":24,"column":25},"end":{"line":29,"column":null}},"4":{"start":{"line":31,"column":26},"end":{"line":33,"column":null}},"5":{"start":{"line":35,"column":21},"end":{"line":51,"column":null}},"6":{"start":{"line":53,"column":20},"end":{"line":53,"column":null}},"7":{"start":{"line":55,"column":26},"end":{"line":95,"column":null}},"8":{"start":{"line":97,"column":20},"end":{"line":103,"column":null}},"9":{"start":{"line":105,"column":28},"end":{"line":107,"column":null}},"10":{"start":{"line":109,"column":24},"end":{"line":114,"column":null}},"11":{"start":{"line":116,"column":23},"end":{"line":150,"column":null}},"12":{"start":{"line":152,"column":2},"end":{"line":159,"column":null}}},"fnMap":{"0":{"name":"(anonymous_0)","decl":{"start":{"line":3,"column":53},"end":{"line":3,"column":54}},"loc":{"start":{"line":15,"column":18},"end":{"line":161,"column":null}},"line":15}},"branchMap":{"0":{"loc":{"start":{"line":4,"column":2},"end":{"line":4,"column":null}},"type":"default-arg","locations":[{"start":{"line":4,"column":10},"end":{"line":4,"column":null}}],"line":4},"1":{"loc":{"start":{"line":5,"column":2},"end":{"line":5,"column":null}},"type":"default-arg","locations":[{"start":{"line":5,"column":10},"end":{"line":5,"column":null}}],"line":5},"2":{"loc":{"start":{"line":6,"column":2},"end":{"line":6,"column":null}},"type":"default-arg","locations":[{"start":{"line":6,"column":15},"end":{"line":6,"column":null}}],"line":6},"3":{"loc":{"start":{"line":7,"column":2},"end":{"line":7,"column":null}},"type":"default-arg","locations":[{"start":{"line":7,"column":9},"end":{"line":7,"column":null}}],"line":7},"4":{"loc":{"start":{"line":8,"column":2},"end":{"line":8,"column":null}},"type":"default-arg","locations":[{"start":{"line":8,"column":16},"end":{"line":8,"column":null}}],"line":8},"5":{"loc":{"start":{"line":9,"column":2},"end":{"line":9,"column":null}},"type":"default-arg","locations":[{"start":{"line":9,"column":15},"end":{"line":9,"column":null}}],"line":9},"6":{"loc":{"start":{"line":10,"column":2},"end":{"line":10,"column":null}},"type":"default-arg","locations":[{"start":{"line":10,"column":19},"end":{"line":10,"column":null}}],"line":10},"7":{"loc":{"start":{"line":11,"column":2},"end":{"line":11,"column":null}},"type":"default-arg","locations":[{"start":{"line":11,"column":12},"end":{"line":11,"column":null}}],"line":11},"8":{"loc":{"start":{"line":31,"column":26},"end":{"line":33,"column":null}},"type":"cond-expr","locations":[{"start":{"line":32,"column":6},"end":{"line":32,"column":null}},{"start":{"line":33,"column":6},"end":{"line":33,"column":null}}],"line":31},"9":{"loc":{"start":{"line":53,"column":20},"end":{"line":53,"column":null}},"type":"cond-expr","locations":[{"start":{"line":53,"column":34},"end":{"line":53,"column":45}},{"start":{"line":53,"column":45},"end":{"line":53,"column":null}}],"line":53},"10":{"loc":{"start":{"line":105,"column":28},"end":{"line":107,"column":null}},"type":"cond-expr","locations":[{"start":{"line":106,"column":6},"end":{"line":106,"column":null}},{"start":{"line":107,"column":6},"end":{"line":107,"column":null}}],"line":105},"11":{"loc":{"start":{"line":155,"column":232},"end":{"line":155,"column":253}},"type":"binary-expr","locations":[{"start":{"line":155,"column":232},"end":{"line":155,"column":251}},{"start":{"line":155,"column":251},"end":{"line":155,"column":253}}],"line":155}},"s":{"0":2,"1":2,"2":12,"3":12,"4":12,"5":12,"6":12,"7":12,"8":12,"9":12,"10":12,"11":12,"12":12},"f":{"0":12},"b":{"0":[12],"1":[12],"2":[12],"3":[12],"4":[12],"5":[12],"6":[12],"7":[12],"8":[1,11],"9":[1,11],"10":[2,10],"11":[12,10]},"meta":{"lastBranch":12,"lastFunction":1,"lastStatement":13,"seen":{"s:153:4:153:5":0,"s:3:53:161:Infinity":1,"f:3:53:3:54":0,"b:4:10:4:Infinity":0,"b:5:10:5:Infinity":1,"b:6:15:6:Infinity":2,"b:7:9:7:Infinity":3,"b:8:16:8:Infinity":4,"b:9:15:9:Infinity":5,"b:10:19:10:Infinity":6,"b:11:12:11:Infinity":7,"s:16:22:22:Infinity":2,"s:24:25:29:Infinity":3,"s:31:26:33:Infinity":4,"b:32:6:32:Infinity:33:6:33:Infinity":8,"s:35:21:51:Infinity":5,"s:53:20:53:Infinity":6,"b:53:34:53:45:53:45:53:Infinity":9,"s:55:26:95:Infinity":7,"s:97:20:103:Infinity":8,"s:105:28:107:Infinity":9,"b:106:6:106:Infinity:107:6:107:Infinity":10,"s:109:24:114:Infinity":10,"s:116:23:150:Infinity":11,"s:152:2:159:Infinity":12,"b:155:232:155:251:155:251:155:253":11}}}
,"C:\\Users\\Ren\\Documents\\Estudo\\Storybook\\ComponentsStudy\\src\\Components\\Divider\\index.tsx": {"path":"C:\\Users\\Ren\\Documents\\Estudo\\Storybook\\ComponentsStudy\\src\\Components\\Divider\\index.tsx","statementMap":{"0":{"start":{"line":125,"column":4},"end":{"line":125,"column":5}},"1":{"start":{"line":1,"column":26},"end":{"line":1,"column":null}},"2":{"start":{"line":7,"column":64},"end":{"line":11,"column":null}},"3":{"start":{"line":13,"column":23},"end":{"line":18,"column":null}},"4":{"start":{"line":20,"column":22},"end":{"line":27,"column":null}},"5":{"start":{"line":21,"column":2},"end":{"line":23,"column":null}},"6":{"start":{"line":22,"column":4},"end":{"line":22,"column":null}},"7":{"start":{"line":25,"column":19},"end":{"line":25,"column":null}},"8":{"start":{"line":26,"column":2},"end":{"line":26,"column":null}},"9":{"start":{"line":29,"column":25},"end":{"line":45,"column":null}},"10":{"start":{"line":33,"column":2},"end":{"line":33,"column":null}},"11":{"start":{"line":33,"column":21},"end":{"line":33,"column":null}},"12":{"start":{"line":35,"column":44},"end":{"line":42,"column":null}},"13":{"start":{"line":44,"column":2},"end":{"line":44,"column":null}},"14":{"start":{"line":55,"column":23},"end":{"line":89,"column":null}},"15":{"start":{"line":62,"column":17},"end":{"line":62,"column":null}},"16":{"start":{"line":64,"column":2},"end":{"line":75,"column":null}},"17":{"start":{"line":65,"column":4},"end":{"line":74,"column":null}},"18":{"start":{"line":77,"column":2},"end":{"line":82,"column":null}},"19":{"start":{"line":78,"column":4},"end":{"line":81,"column":null}},"20":{"start":{"line":84,"column":2},"end":{"line":88,"column":null}},"21":{"start":{"line":91,"column":55},"end":{"line":220,"column":null}},"22":{"start":{"line":105,"column":52},"end":{"line":105,"column":null}},"23":{"start":{"line":107,"column":2},"end":{"line":109,"column":null}},"24":{"start":{"line":108,"column":4},"end":{"line":108,"column":null}},"25":{"start":{"line":111,"column":23},"end":{"line":111,"column":null}},"26":{"start":{"line":112,"column":22},"end":{"line":112,"column":null}},"27":{"start":{"line":113,"column":20},"end":{"line":113,"column":null}},"28":{"start":{"line":114,"column":21},"end":{"line":114,"column":null}},"29":{"start":{"line":116,"column":25},"end":{"line":122,"column":null}},"30":{"start":{"line":124,"column":21},"end":{"line":135,"column":null}},"31":{"start":{"line":125,"column":4},"end":{"line":135,"column":null}},"32":{"start":{"line":138,"column":31},"end":{"line":142,"column":null}},"33":{"start":{"line":144,"column":28},"end":{"line":149,"column":null}},"34":{"start":{"line":145,"column":4},"end":{"line":149,"column":null}},"35":{"start":{"line":151,"column":30},"end":{"line":177,"column":null}},"36":{"start":{"line":152,"column":4},"end":{"line":159,"column":null}},"37":{"start":{"line":153,"column":6},"end":{"line":157,"column":null}},"38":{"start":{"line":161,"column":4},"end":{"line":168,"column":null}},"39":{"start":{"line":162,"column":6},"end":{"line":166,"column":null}},"40":{"start":{"line":170,"column":4},"end":{"line":175,"column":null}},"41":{"start":{"line":179,"column":2},"end":{"line":196,"column":null}},"42":{"start":{"line":180,"column":4},"end":{"line":194,"column":null}},"43":{"start":{"line":198,"column":2},"end":{"line":206,"column":null}},"44":{"start":{"line":199,"column":4},"end":{"line":204,"column":null}},"45":{"start":{"line":208,"column":2},"end":{"line":218,"column":null}}},"fnMap":{"0":{"name":"(anonymous_0)","decl":{"start":{"line":20,"column":22},"end":{"line":20,"column":23}},"loc":{"start":{"line":20,"column":52},"end":{"line":27,"column":null}},"line":20},"1":{"name":"(anonymous_1)","decl":{"start":{"line":29,"column":25},"end":{"line":29,"column":null}},"loc":{"start":{"line":32,"column":13},"end":{"line":45,"column":null}},"line":32},"2":{"name":"(anonymous_2)","decl":{"start":{"line":55,"column":23},"end":{"line":55,"column":24}},"loc":{"start":{"line":61,"column":48},"end":{"line":89,"column":null}},"line":61},"3":{"name":"(anonymous_3)","decl":{"start":{"line":91,"column":55},"end":{"line":91,"column":56}},"loc":{"start":{"line":104,"column":19},"end":{"line":220,"column":null}},"line":104},"4":{"name":"(anonymous_4)","decl":{"start":{"line":107,"column":12},"end":{"line":107,"column":18}},"loc":{"start":{"line":107,"column":18},"end":{"line":109,"column":5}},"line":107},"5":{"name":"(anonymous_5)","decl":{"start":{"line":124,"column":21},"end":{"line":124,"column":22}},"loc":{"start":{"line":125,"column":4},"end":{"line":135,"column":null}},"line":125},"6":{"name":"(anonymous_6)","decl":{"start":{"line":144,"column":28},"end":{"line":144,"column":null}},"loc":{"start":{"line":145,"column":4},"end":{"line":149,"column":null}},"line":145},"7":{"name":"(anonymous_7)","decl":{"start":{"line":151,"column":30},"end":{"line":151,"column":36}},"loc":{"start":{"line":151,"column":36},"end":{"line":177,"column":null}},"line":151}},"branchMap":{"0":{"loc":{"start":{"line":21,"column":2},"end":{"line":23,"column":null}},"type":"if","locations":[{"start":{"line":21,"column":2},"end":{"line":23,"column":null}},{"start":{},"end":{}}],"line":21},"1":{"loc":{"start":{"line":26,"column":9},"end":{"line":26,"column":null}},"type":"cond-expr","locations":[{"start":{"line":26,"column":37},"end":{"line":26,"column":48}},{"start":{"line":26,"column":48},"end":{"line":26,"column":null}}],"line":26},"2":{"loc":{"start":{"line":33,"column":2},"end":{"line":33,"column":null}},"type":"if","locations":[{"start":{"line":33,"column":2},"end":{"line":33,"column":null}},{"start":{},"end":{}}],"line":33},"3":{"loc":{"start":{"line":44,"column":9},"end":{"line":44,"column":null}},"type":"binary-expr","locations":[{"start":{"line":44,"column":9},"end":{"line":44,"column":36}},{"start":{"line":44,"column":36},"end":{"line":44,"column":null}}],"line":44},"4":{"loc":{"start":{"line":64,"column":2},"end":{"line":75,"column":null}},"type":"if","locations":[{"start":{"line":64,"column":2},"end":{"line":75,"column":null}},{"start":{},"end":{}}],"line":64},"5":{"loc":{"start":{"line":65,"column":11},"end":{"line":74,"column":null}},"type":"cond-expr","locations":[{"start":{"line":66,"column":8},"end":{"line":70,"column":null}},{"start":{"line":71,"column":8},"end":{"line":74,"column":null}}],"line":65},"6":{"loc":{"start":{"line":77,"column":2},"end":{"line":82,"column":null}},"type":"if","locations":[{"start":{"line":77,"column":2},"end":{"line":82,"column":null}},{"start":{},"end":{}}],"line":77},"7":{"loc":{"start":{"line":92,"column":2},"end":{"line":92,"column":null}},"type":"default-arg","locations":[{"start":{"line":92,"column":10},"end":{"line":92,"column":null}}],"line":92},"8":{"loc":{"start":{"line":93,"column":2},"end":{"line":93,"column":null}},"type":"default-arg","locations":[{"start":{"line":93,"column":18},"end":{"line":93,"column":null}}],"line":93},"9":{"loc":{"start":{"line":94,"column":2},"end":{"line":94,"column":null}},"type":"default-arg","locations":[{"start":{"line":94,"column":16},"end":{"line":94,"column":null}}],"line":94},"10":{"loc":{"start":{"line":95,"column":2},"end":{"line":95,"column":null}},"type":"default-arg","locations":[{"start":{"line":95,"column":9},"end":{"line":95,"column":null}}],"line":95},"11":{"loc":{"start":{"line":96,"column":2},"end":{"line":96,"column":null}},"type":"default-arg","locations":[{"start":{"line":96,"column":16},"end":{"line":96,"column":null}}],"line":96},"12":{"loc":{"start":{"line":97,"column":2},"end":{"line":97,"column":null}},"type":"default-arg","locations":[{"start":{"line":97,"column":16},"end":{"line":97,"column":null}}],"line":97},"13":{"loc":{"start":{"line":98,"column":2},"end":{"line":98,"column":null}},"type":"default-arg","locations":[{"start":{"line":98,"column":14},"end":{"line":98,"column":null}}],"line":98},"14":{"loc":{"start":{"line":99,"column":2},"end":{"line":99,"column":null}},"type":"default-arg","locations":[{"start":{"line":99,"column":15},"end":{"line":99,"column":null}}],"line":99},"15":{"loc":{"start":{"line":100,"column":2},"end":{"line":100,"column":null}},"type":"default-arg","locations":[{"start":{"line":100,"column":12},"end":{"line":100,"column":null}}],"line":100},"16":{"loc":{"start":{"line":114,"column":21},"end":{"line":114,"column":null}},"type":"binary-expr","locations":[{"start":{"line":114,"column":21},"end":{"line":114,"column":36}},{"start":{"line":114,"column":36},"end":{"line":114,"column":null}}],"line":114},"17":{"loc":{"start":{"line":118,"column":11},"end":{"line":120,"column":null}},"type":"cond-expr","locations":[{"start":{"line":119,"column":8},"end":{"line":119,"column":null}},{"start":{"line":120,"column":8},"end":{"line":120,"column":null}}],"line":118},"18":{"loc":{"start":{"line":124,"column":22},"end":{"line":124,"column":null}},"type":"default-arg","locations":[{"start":{"line":124,"column":35},"end":{"line":124,"column":null}}],"line":124},"19":{"loc":{"start":{"line":145,"column":4},"end":{"line":149,"column":null}},"type":"cond-expr","locations":[{"start":{"line":146,"column":6},"end":{"line":148,"column":null}},{"start":{"line":149,"column":8},"end":{"line":149,"column":null}}],"line":145},"20":{"loc":{"start":{"line":152,"column":4},"end":{"line":159,"column":null}},"type":"if","locations":[{"start":{"line":152,"column":4},"end":{"line":159,"column":null}},{"start":{},"end":{}}],"line":152},"21":{"loc":{"start":{"line":161,"column":4},"end":{"line":168,"column":null}},"type":"if","locations":[{"start":{"line":161,"column":4},"end":{"line":168,"column":null}},{"start":{},"end":{}}],"line":161},"22":{"loc":{"start":{"line":179,"column":2},"end":{"line":196,"column":null}},"type":"if","locations":[{"start":{"line":179,"column":2},"end":{"line":196,"column":null}},{"start":{},"end":{}}],"line":179},"23":{"loc":{"start":{"line":182,"column":34},"end":{"line":182,"column":111}},"type":"cond-expr","locations":[{"start":{"line":182,"column":49},"end":{"line":182,"column":75}},{"start":{"line":182,"column":75},"end":{"line":182,"column":111}}],"line":182},"24":{"loc":{"start":{"line":182,"column":187},"end":{"line":182,"column":208}},"type":"binary-expr","locations":[{"start":{"line":182,"column":187},"end":{"line":182,"column":206}},{"start":{"line":182,"column":206},"end":{"line":182,"column":208}}],"line":182},"25":{"loc":{"start":{"line":184,"column":10},"end":{"line":190,"column":null}},"type":"cond-expr","locations":[{"start":{"line":185,"column":14},"end":{"line":189,"column":null}},{"start":{"line":190,"column":14},"end":{"line":190,"column":null}}],"line":184},"26":{"loc":{"start":{"line":198,"column":2},"end":{"line":206,"column":null}},"type":"if","locations":[{"start":{"line":198,"column":2},"end":{"line":206,"column":null}},{"start":{},"end":{}}],"line":198},"27":{"loc":{"start":{"line":201,"column":65},"end":{"line":201,"column":86}},"type":"binary-expr","locations":[{"start":{"line":201,"column":65},"end":{"line":201,"column":84}},{"start":{"line":201,"column":84},"end":{"line":201,"column":86}}],"line":201},"28":{"loc":{"start":{"line":210,"column":29},"end":{"line":210,"column":56}},"type":"cond-expr","locations":[{"start":{"line":210,"column":42},"end":{"line":210,"column":54}},{"start":{"line":210,"column":54},"end":{"line":210,"column":56}}],"line":210},"29":{"loc":{"start":{"line":210,"column":87},"end":{"line":210,"column":108}},"type":"binary-expr","locations":[{"start":{"line":210,"column":87},"end":{"line":210,"column":106}},{"start":{"line":210,"column":106},"end":{"line":210,"column":108}}],"line":210}},"s":{"0":1,"1":1,"2":1,"3":1,"4":1,"5":48,"6":44,"7":4,"8":4,"9":1,"10":48,"11":16,"12":32,"13":32,"14":1,"15":52,"16":52,"17":4,"18":48,"19":40,"20":8,"21":1,"22":48,"23":48,"24":12,"25":48,"26":48,"27":48,"28":48,"29":48,"30":48,"31":44,"32":48,"33":48,"34":4,"35":48,"36":4,"37":0,"38":4,"39":0,"40":4,"41":48,"42":4,"43":44,"44":36,"45":8},"f":{"0":48,"1":48,"2":52,"3":48,"4":12,"5":44,"6":4,"7":4},"b":{"0":[44,4],"1":[4,0],"2":[16,32],"3":[32,12],"4":[4,48],"5":[4,0],"6":[40,8],"7":[48],"8":[48],"9":[48],"10":[48],"11":[48],"12":[48],"13":[48],"14":[48],"15":[48],"16":[48,44],"17":[40,8],"18":[44],"19":[4,0],"20":[0,4],"21":[0,4],"22":[4,44],"23":[4,0],"24":[4,4],"25":[0,4],"26":[36,8],"27":[36,32],"28":[4,4],"29":[48,8]},"meta":{"lastBranch":30,"lastFunction":8,"lastStatement":46,"seen":{"s:125:4:125:5":0,"s:1:26:1:Infinity":1,"s:7:64:11:Infinity":2,"s:13:23:18:Infinity":3,"s:20:22:27:Infinity":4,"f:20:22:20:23":0,"b:21:2:23:Infinity:undefined:undefined:undefined:undefined":0,"s:21:2:23:Infinity":5,"s:22:4:22:Infinity":6,"s:25:19:25:Infinity":7,"s:26:2:26:Infinity":8,"b:26:37:26:48:26:48:26:Infinity":1,"s:29:25:45:Infinity":9,"f:29:25:29:Infinity":1,"b:33:2:33:Infinity:undefined:undefined:undefined:undefined":2,"s:33:2:33:Infinity":10,"s:33:21:33:Infinity":11,"s:35:44:42:Infinity":12,"s:44:2:44:Infinity":13,"b:44:9:44:36:44:36:44:Infinity":3,"s:55:23:89:Infinity":14,"f:55:23:55:24":2,"s:62:17:62:Infinity":15,"b:64:2:75:Infinity:undefined:undefined:undefined:undefined":4,"s:64:2:75:Infinity":16,"s:65:4:74:Infinity":17,"b:66:8:70:Infinity:71:8:74:Infinity":5,"b:77:2:82:Infinity:undefined:undefined:undefined:undefined":6,"s:77:2:82:Infinity":18,"s:78:4:81:Infinity":19,"s:84:2:88:Infinity":20,"s:91:55:220:Infinity":21,"f:91:55:91:56":3,"b:92:10:92:Infinity":7,"b:93:18:93:Infinity":8,"b:94:16:94:Infinity":9,"b:95:9:95:Infinity":10,"b:96:16:96:Infinity":11,"b:97:16:97:Infinity":12,"b:98:14:98:Infinity":13,"b:99:15:99:Infinity":14,"b:100:12:100:Infinity":15,"s:105:52:105:Infinity":22,"s:107:2:109:Infinity":23,"f:107:12:107:18":4,"s:108:4:108:Infinity":24,"s:111:23:111:Infinity":25,"s:112:22:112:Infinity":26,"s:113:20:113:Infinity":27,"s:114:21:114:Infinity":28,"b:114:21:114:36:114:36:114:Infinity":16,"s:116:25:122:Infinity":29,"b:119:8:119:Infinity:120:8:120:Infinity":17,"s:124:21:135:Infinity":30,"f:124:21:124:22":5,"s:125:4:135:Infinity":31,"b:124:35:124:Infinity":18,"s:138:31:142:Infinity":32,"s:144:28:149:Infinity":33,"f:144:28:144:Infinity":6,"s:145:4:149:Infinity":34,"b:146:6:148:Infinity:149:8:149:Infinity":19,"s:151:30:177:Infinity":35,"f:151:30:151:36":7,"b:152:4:159:Infinity:undefined:undefined:undefined:undefined":20,"s:152:4:159:Infinity":36,"s:153:6:157:Infinity":37,"b:161:4:168:Infinity:undefined:undefined:undefined:undefined":21,"s:161:4:168:Infinity":38,"s:162:6:166:Infinity":39,"s:170:4:175:Infinity":40,"b:179:2:196:Infinity:undefined:undefined:undefined:undefined":22,"s:179:2:196:Infinity":41,"s:180:4:194:Infinity":42,"b:182:49:182:75:182:75:182:111":23,"b:182:187:182:206:182:206:182:208":24,"b:185:14:189:Infinity:190:14:190:Infinity":25,"b:198:2:206:Infinity:undefined:undefined:undefined:undefined":26,"s:198:2:206:Infinity":43,"s:199:4:204:Infinity":44,"b:201:65:201:84:201:84:201:86":27,"s:208:2:218:Infinity":45,"b:210:42:210:54:210:54:210:56":28,"b:210:87:210:106:210:106:210:108":29}}}
,"C:\\Users\\Ren\\Documents\\Estudo\\Storybook\\ComponentsStudy\\src\\Components\\Icons\\index.ts": {"path":"C:\\Users\\Ren\\Documents\\Estudo\\Storybook\\ComponentsStudy\\src\\Components\\Icons\\index.ts","statementMap":{},"fnMap":{},"branchMap":{},"s":{},"f":{},"b":{},"meta":{"lastBranch":0,"lastFunction":0,"lastStatement":0,"seen":{}}}
,"C:\\Users\\Ren\\Documents\\Estudo\\Storybook\\ComponentsStudy\\src\\Components\\Icons\\assets\\add.tsx": {"path":"C:\\Users\\Ren\\Documents\\Estudo\\Storybook\\ComponentsStudy\\src\\Components\\Icons\\assets\\add.tsx","statementMap":{"0":{"start":{"line":68,"column":6},"end":{"line":68,"column":7}},"1":{"start":{"line":1,"column":26},"end":{"line":1,"column":null}},"2":{"start":{"line":5,"column":43},"end":{"line":72,"column":null}},"3":{"start":{"line":14,"column":52},"end":{"line":14,"column":null}},"4":{"start":{"line":16,"column":2},"end":{"line":18,"column":null}},"5":{"start":{"line":17,"column":4},"end":{"line":17,"column":null}},"6":{"start":{"line":20,"column":18},"end":{"line":31,"column":null}},"7":{"start":{"line":23,"column":21},"end":{"line":27,"column":null}},"8":{"start":{"line":29,"column":23},"end":{"line":29,"column":null}},"9":{"start":{"line":30,"column":4},"end":{"line":30,"column":null}},"10":{"start":{"line":33,"column":21},"end":{"line":33,"column":null}},"11":{"start":{"line":34,"column":23},"end":{"line":34,"column":null}},"12":{"start":{"line":35,"column":19},"end":{"line":35,"column":null}},"13":{"start":{"line":37,"column":4},"end":{"line":37,"column":null}},"14":{"start":{"line":39,"column":25},"end":{"line":41,"column":null}},"15":{"start":{"line":43,"column":20},"end":{"line":51,"column":null}},"16":{"start":{"line":53,"column":28},"end":{"line":55,"column":null}},"17":{"start":{"line":57,"column":2},"end":{"line":70,"column":null}}},"fnMap":{"0":{"name":"(anonymous_0)","decl":{"start":{"line":5,"column":43},"end":{"line":5,"column":44}},"loc":{"start":{"line":13,"column":16},"end":{"line":72,"column":null}},"line":13},"1":{"name":"(anonymous_1)","decl":{"start":{"line":16,"column":12},"end":{"line":16,"column":18}},"loc":{"start":{"line":16,"column":18},"end":{"line":18,"column":5}},"line":16},"2":{"name":"(anonymous_2)","decl":{"start":{"line":20,"column":18},"end":{"line":20,"column":null}},"loc":{"start":{"line":22,"column":22},"end":{"line":31,"column":null}},"line":22}},"branchMap":{"0":{"loc":{"start":{"line":6,"column":2},"end":{"line":6,"column":null}},"type":"default-arg","locations":[{"start":{"line":6,"column":10},"end":{"line":6,"column":null}}],"line":6},"1":{"loc":{"start":{"line":7,"column":2},"end":{"line":7,"column":null}},"type":"default-arg","locations":[{"start":{"line":7,"column":9},"end":{"line":7,"column":null}}],"line":7},"2":{"loc":{"start":{"line":8,"column":2},"end":{"line":8,"column":null}},"type":"default-arg","locations":[{"start":{"line":8,"column":15},"end":{"line":8,"column":null}}],"line":8},"3":{"loc":{"start":{"line":9,"column":2},"end":{"line":9,"column":null}},"type":"default-arg","locations":[{"start":{"line":9,"column":15},"end":{"line":9,"column":null}}],"line":9},"4":{"loc":{"start":{"line":10,"column":2},"end":{"line":10,"column":null}},"type":"default-arg","locations":[{"start":{"line":10,"column":19},"end":{"line":10,"column":null}}],"line":10},"5":{"loc":{"start":{"line":30,"column":11},"end":{"line":30,"column":null}},"type":"binary-expr","locations":[{"start":{"line":30,"column":11},"end":{"line":30,"column":25}},{"start":{"line":30,"column":25},"end":{"line":30,"column":null}}],"line":30},"6":{"loc":{"start":{"line":37,"column":4},"end":{"line":37,"column":null}},"type":"cond-expr","locations":[{"start":{"line":37,"column":48},"end":{"line":37,"column":66}},{"start":{"line":37,"column":66},"end":{"line":37,"column":null}}],"line":37},"7":{"loc":{"start":{"line":37,"column":4},"end":{"line":37,"column":48}},"type":"binary-expr","locations":[{"start":{"line":37,"column":4},"end":{"line":37,"column":20}},{"start":{"line":37,"column":20},"end":{"line":37,"column":48}}],"line":37},"8":{"loc":{"start":{"line":39,"column":25},"end":{"line":41,"column":null}},"type":"cond-expr","locations":[{"start":{"line":40,"column":6},"end":{"line":40,"column":null}},{"start":{"line":41,"column":6},"end":{"line":41,"column":null}}],"line":39},"9":{"loc":{"start":{"line":53,"column":28},"end":{"line":55,"column":null}},"type":"cond-expr","locations":[{"start":{"line":54,"column":6},"end":{"line":54,"column":null}},{"start":{"line":55,"column":6},"end":{"line":55,"column":null}}],"line":53},"10":{"loc":{"start":{"line":61,"column":40},"end":{"line":61,"column":74}},"type":"cond-expr","locations":[{"start":{"line":61,"column":57},"end":{"line":61,"column":72}},{"start":{"line":61,"column":72},"end":{"line":61,"column":74}}],"line":61},"11":{"loc":{"start":{"line":61,"column":78},"end":{"line":61,"column":109}},"type":"cond-expr","locations":[{"start":{"line":61,"column":94},"end":{"line":61,"column":107}},{"start":{"line":61,"column":107},"end":{"line":61,"column":109}}],"line":61},"12":{"loc":{"start":{"line":61,"column":152},"end":{"line":61,"column":173}},"type":"binary-expr","locations":[{"start":{"line":61,"column":152},"end":{"line":61,"column":171}},{"start":{"line":61,"column":171},"end":{"line":61,"column":173}}],"line":61},"13":{"loc":{"start":{"line":63,"column":12},"end":{"line":63,"column":null}},"type":"cond-expr","locations":[{"start":{"line":63,"column":28},"end":{"line":63,"column":53}},{"start":{"line":63,"column":53},"end":{"line":63,"column":null}}],"line":63},"14":{"loc":{"start":{"line":64,"column":12},"end":{"line":64,"column":null}},"type":"cond-expr","locations":[{"start":{"line":64,"column":27},"end":{"line":64,"column":75}},{"start":{"line":64,"column":75},"end":{"line":64,"column":null}}],"line":64}},"s":{"0":2,"1":2,"2":2,"3":36,"4":36,"5":18,"6":36,"7":36,"8":36,"9":36,"10":36,"11":36,"12":36,"13":36,"14":36,"15":36,"16":36,"17":36},"f":{"0":36,"1":18,"2":36},"b":{"0":[36],"1":[36],"2":[36],"3":[36],"4":[36],"5":[36,0],"6":[0,36],"7":[36,0],"8":[4,32],"9":[8,28],"10":[27,9],"11":[36,0],"12":[36,32],"13":[9,27],"14":[0,36]},"meta":{"lastBranch":15,"lastFunction":3,"lastStatement":18,"seen":{"s:68:6:68:7":0,"s:1:26:1:Infinity":1,"s:5:43:72:Infinity":2,"f:5:43:5:44":0,"b:6:10:6:Infinity":0,"b:7:9:7:Infinity":1,"b:8:15:8:Infinity":2,"b:9:15:9:Infinity":3,"b:10:19:10:Infinity":4,"s:14:52:14:Infinity":3,"s:16:2:18:Infinity":4,"f:16:12:16:18":1,"s:17:4:17:Infinity":5,"s:20:18:31:Infinity":6,"f:20:18:20:Infinity":2,"s:23:21:27:Infinity":7,"s:29:23:29:Infinity":8,"s:30:4:30:Infinity":9,"b:30:11:30:25:30:25:30:Infinity":5,"s:33:21:33:Infinity":10,"s:34:23:34:Infinity":11,"s:35:19:35:Infinity":12,"s:37:4:37:Infinity":13,"b:37:48:37:66:37:66:37:Infinity":6,"b:37:4:37:20:37:20:37:48":7,"s:39:25:41:Infinity":14,"b:40:6:40:Infinity:41:6:41:Infinity":8,"s:43:20:51:Infinity":15,"s:53:28:55:Infinity":16,"b:54:6:54:Infinity:55:6:55:Infinity":9,"s:57:2:70:Infinity":17,"b:61:57:61:72:61:72:61:74":10,"b:61:94:61:107:61:107:61:109":11,"b:61:152:61:171:61:171:61:173":12,"b:63:28:63:53:63:53:63:Infinity":13,"b:64:27:64:75:64:75:64:Infinity":14}}}
,"C:\\Users\\Ren\\Documents\\Estudo\\Storybook\\ComponentsStudy\\src\\Components\\Icons\\assets\\arrowCircleLeft.tsx": {"path":"C:\\Users\\Ren\\Documents\\Estudo\\Storybook\\ComponentsStudy\\src\\Components\\Icons\\assets\\arrowCircleLeft.tsx","statementMap":{"0":{"start":{"line":70,"column":8},"end":{"line":70,"column":9}},"1":{"start":{"line":1,"column":26},"end":{"line":1,"column":null}},"2":{"start":{"line":5,"column":55},"end":{"line":77,"column":null}},"3":{"start":{"line":14,"column":52},"end":{"line":14,"column":null}},"4":{"start":{"line":16,"column":2},"end":{"line":18,"column":null}},"5":{"start":{"line":17,"column":4},"end":{"line":17,"column":null}},"6":{"start":{"line":20,"column":18},"end":{"line":31,"column":null}},"7":{"start":{"line":23,"column":21},"end":{"line":27,"column":null}},"8":{"start":{"line":29,"column":23},"end":{"line":29,"column":null}},"9":{"start":{"line":30,"column":4},"end":{"line":30,"column":null}},"10":{"start":{"line":33,"column":21},"end":{"line":33,"column":null}},"11":{"start":{"line":34,"column":23},"end":{"line":34,"column":null}},"12":{"start":{"line":35,"column":19},"end":{"line":35,"column":null}},"13":{"start":{"line":37,"column":4},"end":{"line":37,"column":null}},"14":{"start":{"line":39,"column":25},"end":{"line":41,"column":null}},"15":{"start":{"line":43,"column":20},"end":{"line":51,"column":null}},"16":{"start":{"line":53,"column":28},"end":{"line":55,"column":null}},"17":{"start":{"line":57,"column":2},"end":{"line":75,"column":null}}},"fnMap":{"0":{"name":"(anonymous_0)","decl":{"start":{"line":5,"column":55},"end":{"line":5,"column":56}},"loc":{"start":{"line":13,"column":16},"end":{"line":77,"column":null}},"line":13},"1":{"name":"(anonymous_1)","decl":{"start":{"line":16,"column":12},"end":{"line":16,"column":18}},"loc":{"start":{"line":16,"column":18},"end":{"line":18,"column":5}},"line":16},"2":{"name":"(anonymous_2)","decl":{"start":{"line":20,"column":18},"end":{"line":20,"column":null}},"loc":{"start":{"line":22,"column":22},"end":{"line":31,"column":null}},"line":22}},"branchMap":{"0":{"loc":{"start":{"line":6,"column":2},"end":{"line":6,"column":null}},"type":"default-arg","locations":[{"start":{"line":6,"column":10},"end":{"line":6,"column":null}}],"line":6},"1":{"loc":{"start":{"line":7,"column":2},"end":{"line":7,"column":null}},"type":"default-arg","locations":[{"start":{"line":7,"column":9},"end":{"line":7,"column":null}}],"line":7},"2":{"loc":{"start":{"line":8,"column":2},"end":{"line":8,"column":null}},"type":"default-arg","locations":[{"start":{"line":8,"column":15},"end":{"line":8,"column":null}}],"line":8},"3":{"loc":{"start":{"line":9,"column":2},"end":{"line":9,"column":null}},"type":"default-arg","locations":[{"start":{"line":9,"column":15},"end":{"line":9,"column":null}}],"line":9},"4":{"loc":{"start":{"line":10,"column":2},"end":{"line":10,"column":null}},"type":"default-arg","locations":[{"start":{"line":10,"column":19},"end":{"line":10,"column":null}}],"line":10},"5":{"loc":{"start":{"line":30,"column":11},"end":{"line":30,"column":null}},"type":"binary-expr","locations":[{"start":{"line":30,"column":11},"end":{"line":30,"column":25}},{"start":{"line":30,"column":25},"end":{"line":30,"column":null}}],"line":30},"6":{"loc":{"start":{"line":37,"column":4},"end":{"line":37,"column":null}},"type":"cond-expr","locations":[{"start":{"line":37,"column":48},"end":{"line":37,"column":66}},{"start":{"line":37,"column":66},"end":{"line":37,"column":null}}],"line":37},"7":{"loc":{"start":{"line":37,"column":4},"end":{"line":37,"column":48}},"type":"binary-expr","locations":[{"start":{"line":37,"column":4},"end":{"line":37,"column":20}},{"start":{"line":37,"column":20},"end":{"line":37,"column":48}}],"line":37},"8":{"loc":{"start":{"line":39,"column":25},"end":{"line":41,"column":null}},"type":"cond-expr","locations":[{"start":{"line":40,"column":6},"end":{"line":40,"column":null}},{"start":{"line":41,"column":6},"end":{"line":41,"column":null}}],"line":39},"9":{"loc":{"start":{"line":53,"column":28},"end":{"line":55,"column":null}},"type":"cond-expr","locations":[{"start":{"line":54,"column":6},"end":{"line":54,"column":null}},{"start":{"line":55,"column":6},"end":{"line":55,"column":null}}],"line":53},"10":{"loc":{"start":{"line":62,"column":40},"end":{"line":62,"column":74}},"type":"cond-expr","locations":[{"start":{"line":62,"column":57},"end":{"line":62,"column":72}},{"start":{"line":62,"column":72},"end":{"line":62,"column":74}}],"line":62},"11":{"loc":{"start":{"line":62,"column":78},"end":{"line":62,"column":109}},"type":"cond-expr","locations":[{"start":{"line":62,"column":94},"end":{"line":62,"column":107}},{"start":{"line":62,"column":107},"end":{"line":62,"column":109}}],"line":62},"12":{"loc":{"start":{"line":62,"column":152},"end":{"line":62,"column":173}},"type":"binary-expr","locations":[{"start":{"line":62,"column":152},"end":{"line":62,"column":171}},{"start":{"line":62,"column":171},"end":{"line":62,"column":173}}],"line":62},"13":{"loc":{"start":{"line":64,"column":12},"end":{"line":64,"column":null}},"type":"cond-expr","locations":[{"start":{"line":64,"column":28},"end":{"line":64,"column":53}},{"start":{"line":64,"column":53},"end":{"line":64,"column":null}}],"line":64},"14":{"loc":{"start":{"line":65,"column":12},"end":{"line":65,"column":null}},"type":"cond-expr","locations":[{"start":{"line":65,"column":27},"end":{"line":65,"column":75}},{"start":{"line":65,"column":75},"end":{"line":65,"column":null}}],"line":65}},"s":{"0":2,"1":2,"2":2,"3":36,"4":36,"5":18,"6":36,"7":36,"8":36,"9":36,"10":36,"11":36,"12":36,"13":36,"14":36,"15":36,"16":36,"17":36},"f":{"0":36,"1":18,"2":36},"b":{"0":[36],"1":[36],"2":[36],"3":[36],"4":[36],"5":[36,0],"6":[0,36],"7":[36,0],"8":[4,32],"9":[8,28],"10":[27,9],"11":[36,0],"12":[36,32],"13":[9,27],"14":[0,36]},"meta":{"lastBranch":15,"lastFunction":3,"lastStatement":18,"seen":{"s:70:8:70:9":0,"s:1:26:1:Infinity":1,"s:5:55:77:Infinity":2,"f:5:55:5:56":0,"b:6:10:6:Infinity":0,"b:7:9:7:Infinity":1,"b:8:15:8:Infinity":2,"b:9:15:9:Infinity":3,"b:10:19:10:Infinity":4,"s:14:52:14:Infinity":3,"s:16:2:18:Infinity":4,"f:16:12:16:18":1,"s:17:4:17:Infinity":5,"s:20:18:31:Infinity":6,"f:20:18:20:Infinity":2,"s:23:21:27:Infinity":7,"s:29:23:29:Infinity":8,"s:30:4:30:Infinity":9,"b:30:11:30:25:30:25:30:Infinity":5,"s:33:21:33:Infinity":10,"s:34:23:34:Infinity":11,"s:35:19:35:Infinity":12,"s:37:4:37:Infinity":13,"b:37:48:37:66:37:66:37:Infinity":6,"b:37:4:37:20:37:20:37:48":7,"s:39:25:41:Infinity":14,"b:40:6:40:Infinity:41:6:41:Infinity":8,"s:43:20:51:Infinity":15,"s:53:28:55:Infinity":16,"b:54:6:54:Infinity:55:6:55:Infinity":9,"s:57:2:75:Infinity":17,"b:62:57:62:72:62:72:62:74":10,"b:62:94:62:107:62:107:62:109":11,"b:62:152:62:171:62:171:62:173":12,"b:64:28:64:53:64:53:64:Infinity":13,"b:65:27:65:75:65:75:65:Infinity":14}}}
,"C:\\Users\\Ren\\Documents\\Estudo\\Storybook\\ComponentsStudy\\src\\Components\\Icons\\assets\\arrowCircleRight.tsx": {"path":"C:\\Users\\Ren\\Documents\\Estudo\\Storybook\\ComponentsStudy\\src\\Components\\Icons\\assets\\arrowCircleRight.tsx","statementMap":{"0":{"start":{"line":70,"column":8},"end":{"line":70,"column":9}},"1":{"start":{"line":1,"column":26},"end":{"line":1,"column":null}},"2":{"start":{"line":5,"column":56},"end":{"line":77,"column":null}},"3":{"start":{"line":14,"column":52},"end":{"line":14,"column":null}},"4":{"start":{"line":16,"column":2},"end":{"line":18,"column":null}},"5":{"start":{"line":17,"column":4},"end":{"line":17,"column":null}},"6":{"start":{"line":20,"column":18},"end":{"line":31,"column":null}},"7":{"start":{"line":23,"column":21},"end":{"line":27,"column":null}},"8":{"start":{"line":29,"column":23},"end":{"line":29,"column":null}},"9":{"start":{"line":30,"column":4},"end":{"line":30,"column":null}},"10":{"start":{"line":33,"column":21},"end":{"line":33,"column":null}},"11":{"start":{"line":34,"column":23},"end":{"line":34,"column":null}},"12":{"start":{"line":35,"column":19},"end":{"line":35,"column":null}},"13":{"start":{"line":37,"column":4},"end":{"line":37,"column":null}},"14":{"start":{"line":39,"column":25},"end":{"line":41,"column":null}},"15":{"start":{"line":43,"column":20},"end":{"line":51,"column":null}},"16":{"start":{"line":53,"column":28},"end":{"line":55,"column":null}},"17":{"start":{"line":57,"column":2},"end":{"line":75,"column":null}}},"fnMap":{"0":{"name":"(anonymous_0)","decl":{"start":{"line":5,"column":56},"end":{"line":5,"column":57}},"loc":{"start":{"line":13,"column":16},"end":{"line":77,"column":null}},"line":13},"1":{"name":"(anonymous_1)","decl":{"start":{"line":16,"column":12},"end":{"line":16,"column":18}},"loc":{"start":{"line":16,"column":18},"end":{"line":18,"column":5}},"line":16},"2":{"name":"(anonymous_2)","decl":{"start":{"line":20,"column":18},"end":{"line":20,"column":null}},"loc":{"start":{"line":22,"column":22},"end":{"line":31,"column":null}},"line":22}},"branchMap":{"0":{"loc":{"start":{"line":6,"column":2},"end":{"line":6,"column":null}},"type":"default-arg","locations":[{"start":{"line":6,"column":10},"end":{"line":6,"column":null}}],"line":6},"1":{"loc":{"start":{"line":7,"column":2},"end":{"line":7,"column":null}},"type":"default-arg","locations":[{"start":{"line":7,"column":9},"end":{"line":7,"column":null}}],"line":7},"2":{"loc":{"start":{"line":8,"column":2},"end":{"line":8,"column":null}},"type":"default-arg","locations":[{"start":{"line":8,"column":15},"end":{"line":8,"column":null}}],"line":8},"3":{"loc":{"start":{"line":9,"column":2},"end":{"line":9,"column":null}},"type":"default-arg","locations":[{"start":{"line":9,"column":15},"end":{"line":9,"column":null}}],"line":9},"4":{"loc":{"start":{"line":10,"column":2},"end":{"line":10,"column":null}},"type":"default-arg","locations":[{"start":{"line":10,"column":19},"end":{"line":10,"column":null}}],"line":10},"5":{"loc":{"start":{"line":30,"column":11},"end":{"line":30,"column":null}},"type":"binary-expr","locations":[{"start":{"line":30,"column":11},"end":{"line":30,"column":25}},{"start":{"line":30,"column":25},"end":{"line":30,"column":null}}],"line":30},"6":{"loc":{"start":{"line":37,"column":4},"end":{"line":37,"column":null}},"type":"cond-expr","locations":[{"start":{"line":37,"column":48},"end":{"line":37,"column":66}},{"start":{"line":37,"column":66},"end":{"line":37,"column":null}}],"line":37},"7":{"loc":{"start":{"line":37,"column":4},"end":{"line":37,"column":48}},"type":"binary-expr","locations":[{"start":{"line":37,"column":4},"end":{"line":37,"column":20}},{"start":{"line":37,"column":20},"end":{"line":37,"column":48}}],"line":37},"8":{"loc":{"start":{"line":39,"column":25},"end":{"line":41,"column":null}},"type":"cond-expr","locations":[{"start":{"line":40,"column":6},"end":{"line":40,"column":null}},{"start":{"line":41,"column":6},"end":{"line":41,"column":null}}],"line":39},"9":{"loc":{"start":{"line":53,"column":28},"end":{"line":55,"column":null}},"type":"cond-expr","locations":[{"start":{"line":54,"column":6},"end":{"line":54,"column":null}},{"start":{"line":55,"column":6},"end":{"line":55,"column":null}}],"line":53},"10":{"loc":{"start":{"line":62,"column":40},"end":{"line":62,"column":74}},"type":"cond-expr","locations":[{"start":{"line":62,"column":57},"end":{"line":62,"column":72}},{"start":{"line":62,"column":72},"end":{"line":62,"column":74}}],"line":62},"11":{"loc":{"start":{"line":62,"column":78},"end":{"line":62,"column":109}},"type":"cond-expr","locations":[{"start":{"line":62,"column":94},"end":{"line":62,"column":107}},{"start":{"line":62,"column":107},"end":{"line":62,"column":109}}],"line":62},"12":{"loc":{"start":{"line":62,"column":152},"end":{"line":62,"column":173}},"type":"binary-expr","locations":[{"start":{"line":62,"column":152},"end":{"line":62,"column":171}},{"start":{"line":62,"column":171},"end":{"line":62,"column":173}}],"line":62},"13":{"loc":{"start":{"line":64,"column":12},"end":{"line":64,"column":null}},"type":"cond-expr","locations":[{"start":{"line":64,"column":28},"end":{"line":64,"column":53}},{"start":{"line":64,"column":53},"end":{"line":64,"column":null}}],"line":64},"14":{"loc":{"start":{"line":65,"column":12},"end":{"line":65,"column":null}},"type":"cond-expr","locations":[{"start":{"line":65,"column":27},"end":{"line":65,"column":75}},{"start":{"line":65,"column":75},"end":{"line":65,"column":null}}],"line":65}},"s":{"0":2,"1":2,"2":2,"3":40,"4":40,"5":20,"6":40,"7":40,"8":40,"9":40,"10":40,"11":40,"12":40,"13":40,"14":40,"15":40,"16":40,"17":40},"f":{"0":40,"1":20,"2":40},"b":{"0":[40],"1":[40],"2":[40],"3":[40],"4":[40],"5":[40,0],"6":[0,40],"7":[40,0],"8":[4,36],"9":[8,32],"10":[30,10],"11":[40,0],"12":[40,36],"13":[10,30],"14":[0,40]},"meta":{"lastBranch":15,"lastFunction":3,"lastStatement":18,"seen":{"s:70:8:70:9":0,"s:1:26:1:Infinity":1,"s:5:56:77:Infinity":2,"f:5:56:5:57":0,"b:6:10:6:Infinity":0,"b:7:9:7:Infinity":1,"b:8:15:8:Infinity":2,"b:9:15:9:Infinity":3,"b:10:19:10:Infinity":4,"s:14:52:14:Infinity":3,"s:16:2:18:Infinity":4,"f:16:12:16:18":1,"s:17:4:17:Infinity":5,"s:20:18:31:Infinity":6,"f:20:18:20:Infinity":2,"s:23:21:27:Infinity":7,"s:29:23:29:Infinity":8,"s:30:4:30:Infinity":9,"b:30:11:30:25:30:25:30:Infinity":5,"s:33:21:33:Infinity":10,"s:34:23:34:Infinity":11,"s:35:19:35:Infinity":12,"s:37:4:37:Infinity":13,"b:37:48:37:66:37:66:37:Infinity":6,"b:37:4:37:20:37:20:37:48":7,"s:39:25:41:Infinity":14,"b:40:6:40:Infinity:41:6:41:Infinity":8,"s:43:20:51:Infinity":15,"s:53:28:55:Infinity":16,"b:54:6:54:Infinity:55:6:55:Infinity":9,"s:57:2:75:Infinity":17,"b:62:57:62:72:62:72:62:74":10,"b:62:94:62:107:62:107:62:109":11,"b:62:152:62:171:62:171:62:173":12,"b:64:28:64:53:64:53:64:Infinity":13,"b:65:27:65:75:65:75:65:Infinity":14}}}
,"C:\\Users\\Ren\\Documents\\Estudo\\Storybook\\ComponentsStudy\\src\\Components\\Icons\\assets\\arrowDropDown.tsx": {"path":"C:\\Users\\Ren\\Documents\\Estudo\\Storybook\\ComponentsStudy\\src\\Components\\Icons\\assets\\arrowDropDown.tsx","statementMap":{"0":{"start":{"line":68,"column":6},"end":{"line":68,"column":7}},"1":{"start":{"line":1,"column":26},"end":{"line":1,"column":null}},"2":{"start":{"line":5,"column":53},"end":{"line":72,"column":null}},"3":{"start":{"line":14,"column":52},"end":{"line":14,"column":null}},"4":{"start":{"line":16,"column":2},"end":{"line":18,"column":null}},"5":{"start":{"line":17,"column":4},"end":{"line":17,"column":null}},"6":{"start":{"line":20,"column":18},"end":{"line":31,"column":null}},"7":{"start":{"line":23,"column":21},"end":{"line":27,"column":null}},"8":{"start":{"line":29,"column":23},"end":{"line":29,"column":null}},"9":{"start":{"line":30,"column":4},"end":{"line":30,"column":null}},"10":{"start":{"line":33,"column":21},"end":{"line":33,"column":null}},"11":{"start":{"line":34,"column":23},"end":{"line":34,"column":null}},"12":{"start":{"line":35,"column":19},"end":{"line":35,"column":null}},"13":{"start":{"line":37,"column":4},"end":{"line":37,"column":null}},"14":{"start":{"line":39,"column":25},"end":{"line":41,"column":null}},"15":{"start":{"line":43,"column":20},"end":{"line":51,"column":null}},"16":{"start":{"line":53,"column":28},"end":{"line":55,"column":null}},"17":{"start":{"line":57,"column":2},"end":{"line":70,"column":null}}},"fnMap":{"0":{"name":"(anonymous_0)","decl":{"start":{"line":5,"column":53},"end":{"line":5,"column":54}},"loc":{"start":{"line":13,"column":16},"end":{"line":72,"column":null}},"line":13},"1":{"name":"(anonymous_1)","decl":{"start":{"line":16,"column":12},"end":{"line":16,"column":18}},"loc":{"start":{"line":16,"column":18},"end":{"line":18,"column":5}},"line":16},"2":{"name":"(anonymous_2)","decl":{"start":{"line":20,"column":18},"end":{"line":20,"column":null}},"loc":{"start":{"line":22,"column":22},"end":{"line":31,"column":null}},"line":22}},"branchMap":{"0":{"loc":{"start":{"line":6,"column":2},"end":{"line":6,"column":null}},"type":"default-arg","locations":[{"start":{"line":6,"column":10},"end":{"line":6,"column":null}}],"line":6},"1":{"loc":{"start":{"line":7,"column":2},"end":{"line":7,"column":null}},"type":"default-arg","locations":[{"start":{"line":7,"column":9},"end":{"line":7,"column":null}}],"line":7},"2":{"loc":{"start":{"line":8,"column":2},"end":{"line":8,"column":null}},"type":"default-arg","locations":[{"start":{"line":8,"column":15},"end":{"line":8,"column":null}}],"line":8},"3":{"loc":{"start":{"line":9,"column":2},"end":{"line":9,"column":null}},"type":"default-arg","locations":[{"start":{"line":9,"column":15},"end":{"line":9,"column":null}}],"line":9},"4":{"loc":{"start":{"line":10,"column":2},"end":{"line":10,"column":null}},"type":"default-arg","locations":[{"start":{"line":10,"column":19},"end":{"line":10,"column":null}}],"line":10},"5":{"loc":{"start":{"line":30,"column":11},"end":{"line":30,"column":null}},"type":"binary-expr","locations":[{"start":{"line":30,"column":11},"end":{"line":30,"column":25}},{"start":{"line":30,"column":25},"end":{"line":30,"column":null}}],"line":30},"6":{"loc":{"start":{"line":37,"column":4},"end":{"line":37,"column":null}},"type":"cond-expr","locations":[{"start":{"line":37,"column":48},"end":{"line":37,"column":66}},{"start":{"line":37,"column":66},"end":{"line":37,"column":null}}],"line":37},"7":{"loc":{"start":{"line":37,"column":4},"end":{"line":37,"column":48}},"type":"binary-expr","locations":[{"start":{"line":37,"column":4},"end":{"line":37,"column":20}},{"start":{"line":37,"column":20},"end":{"line":37,"column":48}}],"line":37},"8":{"loc":{"start":{"line":39,"column":25},"end":{"line":41,"column":null}},"type":"cond-expr","locations":[{"start":{"line":40,"column":6},"end":{"line":40,"column":null}},{"start":{"line":41,"column":6},"end":{"line":41,"column":null}}],"line":39},"9":{"loc":{"start":{"line":53,"column":28},"end":{"line":55,"column":null}},"type":"cond-expr","locations":[{"start":{"line":54,"column":6},"end":{"line":54,"column":null}},{"start":{"line":55,"column":6},"end":{"line":55,"column":null}}],"line":53},"10":{"loc":{"start":{"line":61,"column":40},"end":{"line":61,"column":74}},"type":"cond-expr","locations":[{"start":{"line":61,"column":57},"end":{"line":61,"column":72}},{"start":{"line":61,"column":72},"end":{"line":61,"column":74}}],"line":61},"11":{"loc":{"start":{"line":61,"column":78},"end":{"line":61,"column":109}},"type":"cond-expr","locations":[{"start":{"line":61,"column":94},"end":{"line":61,"column":107}},{"start":{"line":61,"column":107},"end":{"line":61,"column":109}}],"line":61},"12":{"loc":{"start":{"line":61,"column":152},"end":{"line":61,"column":173}},"type":"binary-expr","locations":[{"start":{"line":61,"column":152},"end":{"line":61,"column":171}},{"start":{"line":61,"column":171},"end":{"line":61,"column":173}}],"line":61},"13":{"loc":{"start":{"line":63,"column":12},"end":{"line":63,"column":null}},"type":"cond-expr","locations":[{"start":{"line":63,"column":28},"end":{"line":63,"column":53}},{"start":{"line":63,"column":53},"end":{"line":63,"column":null}}],"line":63},"14":{"loc":{"start":{"line":64,"column":12},"end":{"line":64,"column":null}},"type":"cond-expr","locations":[{"start":{"line":64,"column":27},"end":{"line":64,"column":75}},{"start":{"line":64,"column":75},"end":{"line":64,"column":null}}],"line":64}},"s":{"0":2,"1":2,"2":2,"3":36,"4":36,"5":18,"6":36,"7":36,"8":36,"9":36,"10":36,"11":36,"12":36,"13":36,"14":36,"15":36,"16":36,"17":36},"f":{"0":36,"1":18,"2":36},"b":{"0":[36],"1":[36],"2":[36],"3":[36],"4":[36],"5":[36,0],"6":[0,36],"7":[36,0],"8":[4,32],"9":[8,28],"10":[27,9],"11":[36,0],"12":[36,32],"13":[9,27],"14":[0,36]},"meta":{"lastBranch":15,"lastFunction":3,"lastStatement":18,"seen":{"s:68:6:68:7":0,"s:1:26:1:Infinity":1,"s:5:53:72:Infinity":2,"f:5:53:5:54":0,"b:6:10:6:Infinity":0,"b:7:9:7:Infinity":1,"b:8:15:8:Infinity":2,"b:9:15:9:Infinity":3,"b:10:19:10:Infinity":4,"s:14:52:14:Infinity":3,"s:16:2:18:Infinity":4,"f:16:12:16:18":1,"s:17:4:17:Infinity":5,"s:20:18:31:Infinity":6,"f:20:18:20:Infinity":2,"s:23:21:27:Infinity":7,"s:29:23:29:Infinity":8,"s:30:4:30:Infinity":9,"b:30:11:30:25:30:25:30:Infinity":5,"s:33:21:33:Infinity":10,"s:34:23:34:Infinity":11,"s:35:19:35:Infinity":12,"s:37:4:37:Infinity":13,"b:37:48:37:66:37:66:37:Infinity":6,"b:37:4:37:20:37:20:37:48":7,"s:39:25:41:Infinity":14,"b:40:6:40:Infinity:41:6:41:Infinity":8,"s:43:20:51:Infinity":15,"s:53:28:55:Infinity":16,"b:54:6:54:Infinity:55:6:55:Infinity":9,"s:57:2:70:Infinity":17,"b:61:57:61:72:61:72:61:74":10,"b:61:94:61:107:61:107:61:109":11,"b:61:152:61:171:61:171:61:173":12,"b:63:28:63:53:63:53:63:Infinity":13,"b:64:27:64:75:64:75:64:Infinity":14}}}
,"C:\\Users\\Ren\\Documents\\Estudo\\Storybook\\ComponentsStudy\\src\\Components\\Icons\\assets\\arrowDropUp.tsx": {"path":"C:\\Users\\Ren\\Documents\\Estudo\\Storybook\\ComponentsStudy\\src\\Components\\Icons\\assets\\arrowDropUp.tsx","statementMap":{"0":{"start":{"line":68,"column":6},"end":{"line":68,"column":7}},"1":{"start":{"line":1,"column":26},"end":{"line":1,"column":null}},"2":{"start":{"line":5,"column":51},"end":{"line":72,"column":null}},"3":{"start":{"line":14,"column":52},"end":{"line":14,"column":null}},"4":{"start":{"line":16,"column":2},"end":{"line":18,"column":null}},"5":{"start":{"line":17,"column":4},"end":{"line":17,"column":null}},"6":{"start":{"line":20,"column":18},"end":{"line":31,"column":null}},"7":{"start":{"line":23,"column":21},"end":{"line":27,"column":null}},"8":{"start":{"line":29,"column":23},"end":{"line":29,"column":null}},"9":{"start":{"line":30,"column":4},"end":{"line":30,"column":null}},"10":{"start":{"line":33,"column":21},"end":{"line":33,"column":null}},"11":{"start":{"line":34,"column":23},"end":{"line":34,"column":null}},"12":{"start":{"line":35,"column":19},"end":{"line":35,"column":null}},"13":{"start":{"line":37,"column":4},"end":{"line":37,"column":null}},"14":{"start":{"line":39,"column":25},"end":{"line":41,"column":null}},"15":{"start":{"line":43,"column":20},"end":{"line":51,"column":null}},"16":{"start":{"line":53,"column":28},"end":{"line":55,"column":null}},"17":{"start":{"line":57,"column":2},"end":{"line":70,"column":null}}},"fnMap":{"0":{"name":"(anonymous_0)","decl":{"start":{"line":5,"column":51},"end":{"line":5,"column":52}},"loc":{"start":{"line":13,"column":16},"end":{"line":72,"column":null}},"line":13},"1":{"name":"(anonymous_1)","decl":{"start":{"line":16,"column":12},"end":{"line":16,"column":18}},"loc":{"start":{"line":16,"column":18},"end":{"line":18,"column":5}},"line":16},"2":{"name":"(anonymous_2)","decl":{"start":{"line":20,"column":18},"end":{"line":20,"column":null}},"loc":{"start":{"line":22,"column":22},"end":{"line":31,"column":null}},"line":22}},"branchMap":{"0":{"loc":{"start":{"line":6,"column":2},"end":{"line":6,"column":null}},"type":"default-arg","locations":[{"start":{"line":6,"column":10},"end":{"line":6,"column":null}}],"line":6},"1":{"loc":{"start":{"line":7,"column":2},"end":{"line":7,"column":null}},"type":"default-arg","locations":[{"start":{"line":7,"column":9},"end":{"line":7,"column":null}}],"line":7},"2":{"loc":{"start":{"line":8,"column":2},"end":{"line":8,"column":null}},"type":"default-arg","locations":[{"start":{"line":8,"column":15},"end":{"line":8,"column":null}}],"line":8},"3":{"loc":{"start":{"line":9,"column":2},"end":{"line":9,"column":null}},"type":"default-arg","locations":[{"start":{"line":9,"column":15},"end":{"line":9,"column":null}}],"line":9},"4":{"loc":{"start":{"line":10,"column":2},"end":{"line":10,"column":null}},"type":"default-arg","locations":[{"start":{"line":10,"column":19},"end":{"line":10,"column":null}}],"line":10},"5":{"loc":{"start":{"line":30,"column":11},"end":{"line":30,"column":null}},"type":"binary-expr","locations":[{"start":{"line":30,"column":11},"end":{"line":30,"column":25}},{"start":{"line":30,"column":25},"end":{"line":30,"column":null}}],"line":30},"6":{"loc":{"start":{"line":37,"column":4},"end":{"line":37,"column":null}},"type":"cond-expr","locations":[{"start":{"line":37,"column":48},"end":{"line":37,"column":66}},{"start":{"line":37,"column":66},"end":{"line":37,"column":null}}],"line":37},"7":{"loc":{"start":{"line":37,"column":4},"end":{"line":37,"column":48}},"type":"binary-expr","locations":[{"start":{"line":37,"column":4},"end":{"line":37,"column":20}},{"start":{"line":37,"column":20},"end":{"line":37,"column":48}}],"line":37},"8":{"loc":{"start":{"line":39,"column":25},"end":{"line":41,"column":null}},"type":"cond-expr","locations":[{"start":{"line":40,"column":6},"end":{"line":40,"column":null}},{"start":{"line":41,"column":6},"end":{"line":41,"column":null}}],"line":39},"9":{"loc":{"start":{"line":53,"column":28},"end":{"line":55,"column":null}},"type":"cond-expr","locations":[{"start":{"line":54,"column":6},"end":{"line":54,"column":null}},{"start":{"line":55,"column":6},"end":{"line":55,"column":null}}],"line":53},"10":{"loc":{"start":{"line":61,"column":40},"end":{"line":61,"column":74}},"type":"cond-expr","locations":[{"start":{"line":61,"column":57},"end":{"line":61,"column":72}},{"start":{"line":61,"column":72},"end":{"line":61,"column":74}}],"line":61},"11":{"loc":{"start":{"line":61,"column":78},"end":{"line":61,"column":109}},"type":"cond-expr","locations":[{"start":{"line":61,"column":94},"end":{"line":61,"column":107}},{"start":{"line":61,"column":107},"end":{"line":61,"column":109}}],"line":61},"12":{"loc":{"start":{"line":61,"column":152},"end":{"line":61,"column":173}},"type":"binary-expr","locations":[{"start":{"line":61,"column":152},"end":{"line":61,"column":171}},{"start":{"line":61,"column":171},"end":{"line":61,"column":173}}],"line":61},"13":{"loc":{"start":{"line":63,"column":12},"end":{"line":63,"column":null}},"type":"cond-expr","locations":[{"start":{"line":63,"column":28},"end":{"line":63,"column":53}},{"start":{"line":63,"column":53},"end":{"line":63,"column":null}}],"line":63},"14":{"loc":{"start":{"line":64,"column":12},"end":{"line":64,"column":null}},"type":"cond-expr","locations":[{"start":{"line":64,"column":27},"end":{"line":64,"column":75}},{"start":{"line":64,"column":75},"end":{"line":64,"column":null}}],"line":64}},"s":{"0":2,"1":2,"2":2,"3":36,"4":36,"5":18,"6":36,"7":36,"8":36,"9":36,"10":36,"11":36,"12":36,"13":36,"14":36,"15":36,"16":36,"17":36},"f":{"0":36,"1":18,"2":36},"b":{"0":[36],"1":[36],"2":[36],"3":[36],"4":[36],"5":[36,0],"6":[0,36],"7":[36,0],"8":[4,32],"9":[8,28],"10":[27,9],"11":[36,0],"12":[36,32],"13":[9,27],"14":[0,36]},"meta":{"lastBranch":15,"lastFunction":3,"lastStatement":18,"seen":{"s:68:6:68:7":0,"s:1:26:1:Infinity":1,"s:5:51:72:Infinity":2,"f:5:51:5:52":0,"b:6:10:6:Infinity":0,"b:7:9:7:Infinity":1,"b:8:15:8:Infinity":2,"b:9:15:9:Infinity":3,"b:10:19:10:Infinity":4,"s:14:52:14:Infinity":3,"s:16:2:18:Infinity":4,"f:16:12:16:18":1,"s:17:4:17:Infinity":5,"s:20:18:31:Infinity":6,"f:20:18:20:Infinity":2,"s:23:21:27:Infinity":7,"s:29:23:29:Infinity":8,"s:30:4:30:Infinity":9,"b:30:11:30:25:30:25:30:Infinity":5,"s:33:21:33:Infinity":10,"s:34:23:34:Infinity":11,"s:35:19:35:Infinity":12,"s:37:4:37:Infinity":13,"b:37:48:37:66:37:66:37:Infinity":6,"b:37:4:37:20:37:20:37:48":7,"s:39:25:41:Infinity":14,"b:40:6:40:Infinity:41:6:41:Infinity":8,"s:43:20:51:Infinity":15,"s:53:28:55:Infinity":16,"b:54:6:54:Infinity:55:6:55:Infinity":9,"s:57:2:70:Infinity":17,"b:61:57:61:72:61:72:61:74":10,"b:61:94:61:107:61:107:61:109":11,"b:61:152:61:171:61:171:61:173":12,"b:63:28:63:53:63:53:63:Infinity":13,"b:64:27:64:75:64:75:64:Infinity":14}}}
,"C:\\Users\\Ren\\Documents\\Estudo\\Storybook\\ComponentsStudy\\src\\Components\\Icons\\assets\\arrowRightAlt.tsx": {"path":"C:\\Users\\Ren\\Documents\\Estudo\\Storybook\\ComponentsStudy\\src\\Components\\Icons\\assets\\arrowRightAlt.tsx","statementMap":{"0":{"start":{"line":68,"column":6},"end":{"line":68,"column":7}},"1":{"start":{"line":1,"column":26},"end":{"line":1,"column":null}},"2":{"start":{"line":5,"column":53},"end":{"line":72,"column":null}},"3":{"start":{"line":14,"column":52},"end":{"line":14,"column":null}},"4":{"start":{"line":16,"column":2},"end":{"line":18,"column":null}},"5":{"start":{"line":17,"column":4},"end":{"line":17,"column":null}},"6":{"start":{"line":20,"column":18},"end":{"line":31,"column":null}},"7":{"start":{"line":23,"column":21},"end":{"line":27,"column":null}},"8":{"start":{"line":29,"column":23},"end":{"line":29,"column":null}},"9":{"start":{"line":30,"column":4},"end":{"line":30,"column":null}},"10":{"start":{"line":33,"column":21},"end":{"line":33,"column":null}},"11":{"start":{"line":34,"column":23},"end":{"line":34,"column":null}},"12":{"start":{"line":35,"column":19},"end":{"line":35,"column":null}},"13":{"start":{"line":37,"column":4},"end":{"line":37,"column":null}},"14":{"start":{"line":39,"column":25},"end":{"line":41,"column":null}},"15":{"start":{"line":43,"column":20},"end":{"line":51,"column":null}},"16":{"start":{"line":53,"column":28},"end":{"line":55,"column":null}},"17":{"start":{"line":57,"column":2},"end":{"line":70,"column":null}}},"fnMap":{"0":{"name":"(anonymous_0)","decl":{"start":{"line":5,"column":53},"end":{"line":5,"column":54}},"loc":{"start":{"line":13,"column":16},"end":{"line":72,"column":null}},"line":13},"1":{"name":"(anonymous_1)","decl":{"start":{"line":16,"column":12},"end":{"line":16,"column":18}},"loc":{"start":{"line":16,"column":18},"end":{"line":18,"column":5}},"line":16},"2":{"name":"(anonymous_2)","decl":{"start":{"line":20,"column":18},"end":{"line":20,"column":null}},"loc":{"start":{"line":22,"column":22},"end":{"line":31,"column":null}},"line":22}},"branchMap":{"0":{"loc":{"start":{"line":6,"column":2},"end":{"line":6,"column":null}},"type":"default-arg","locations":[{"start":{"line":6,"column":10},"end":{"line":6,"column":null}}],"line":6},"1":{"loc":{"start":{"line":7,"column":2},"end":{"line":7,"column":null}},"type":"default-arg","locations":[{"start":{"line":7,"column":9},"end":{"line":7,"column":null}}],"line":7},"2":{"loc":{"start":{"line":8,"column":2},"end":{"line":8,"column":null}},"type":"default-arg","locations":[{"start":{"line":8,"column":15},"end":{"line":8,"column":null}}],"line":8},"3":{"loc":{"start":{"line":9,"column":2},"end":{"line":9,"column":null}},"type":"default-arg","locations":[{"start":{"line":9,"column":15},"end":{"line":9,"column":null}}],"line":9},"4":{"loc":{"start":{"line":10,"column":2},"end":{"line":10,"column":null}},"type":"default-arg","locations":[{"start":{"line":10,"column":19},"end":{"line":10,"column":null}}],"line":10},"5":{"loc":{"start":{"line":30,"column":11},"end":{"line":30,"column":null}},"type":"binary-expr","locations":[{"start":{"line":30,"column":11},"end":{"line":30,"column":25}},{"start":{"line":30,"column":25},"end":{"line":30,"column":null}}],"line":30},"6":{"loc":{"start":{"line":37,"column":4},"end":{"line":37,"column":null}},"type":"cond-expr","locations":[{"start":{"line":37,"column":48},"end":{"line":37,"column":66}},{"start":{"line":37,"column":66},"end":{"line":37,"column":null}}],"line":37},"7":{"loc":{"start":{"line":37,"column":4},"end":{"line":37,"column":48}},"type":"binary-expr","locations":[{"start":{"line":37,"column":4},"end":{"line":37,"column":20}},{"start":{"line":37,"column":20},"end":{"line":37,"column":48}}],"line":37},"8":{"loc":{"start":{"line":39,"column":25},"end":{"line":41,"column":null}},"type":"cond-expr","locations":[{"start":{"line":40,"column":6},"end":{"line":40,"column":null}},{"start":{"line":41,"column":6},"end":{"line":41,"column":null}}],"line":39},"9":{"loc":{"start":{"line":53,"column":28},"end":{"line":55,"column":null}},"type":"cond-expr","locations":[{"start":{"line":54,"column":6},"end":{"line":54,"column":null}},{"start":{"line":55,"column":6},"end":{"line":55,"column":null}}],"line":53},"10":{"loc":{"start":{"line":61,"column":40},"end":{"line":61,"column":74}},"type":"cond-expr","locations":[{"start":{"line":61,"column":57},"end":{"line":61,"column":72}},{"start":{"line":61,"column":72},"end":{"line":61,"column":74}}],"line":61},"11":{"loc":{"start":{"line":61,"column":78},"end":{"line":61,"column":109}},"type":"cond-expr","locations":[{"start":{"line":61,"column":94},"end":{"line":61,"column":107}},{"start":{"line":61,"column":107},"end":{"line":61,"column":109}}],"line":61},"12":{"loc":{"start":{"line":61,"column":152},"end":{"line":61,"column":173}},"type":"binary-expr","locations":[{"start":{"line":61,"column":152},"end":{"line":61,"column":171}},{"start":{"line":61,"column":171},"end":{"line":61,"column":173}}],"line":61},"13":{"loc":{"start":{"line":63,"column":12},"end":{"line":63,"column":null}},"type":"cond-expr","locations":[{"start":{"line":63,"column":28},"end":{"line":63,"column":53}},{"start":{"line":63,"column":53},"end":{"line":63,"column":null}}],"line":63},"14":{"loc":{"start":{"line":64,"column":12},"end":{"line":64,"column":null}},"type":"cond-expr","locations":[{"start":{"line":64,"column":27},"end":{"line":64,"column":75}},{"start":{"line":64,"column":75},"end":{"line":64,"column":null}}],"line":64}},"s":{"0":2,"1":2,"2":2,"3":36,"4":36,"5":18,"6":36,"7":36,"8":36,"9":36,"10":36,"11":36,"12":36,"13":36,"14":36,"15":36,"16":36,"17":36},"f":{"0":36,"1":18,"2":36},"b":{"0":[36],"1":[36],"2":[36],"3":[36],"4":[36],"5":[36,0],"6":[0,36],"7":[36,0],"8":[4,32],"9":[8,28],"10":[27,9],"11":[36,0],"12":[36,32],"13":[9,27],"14":[0,36]},"meta":{"lastBranch":15,"lastFunction":3,"lastStatement":18,"seen":{"s:68:6:68:7":0,"s:1:26:1:Infinity":1,"s:5:53:72:Infinity":2,"f:5:53:5:54":0,"b:6:10:6:Infinity":0,"b:7:9:7:Infinity":1,"b:8:15:8:Infinity":2,"b:9:15:9:Infinity":3,"b:10:19:10:Infinity":4,"s:14:52:14:Infinity":3,"s:16:2:18:Infinity":4,"f:16:12:16:18":1,"s:17:4:17:Infinity":5,"s:20:18:31:Infinity":6,"f:20:18:20:Infinity":2,"s:23:21:27:Infinity":7,"s:29:23:29:Infinity":8,"s:30:4:30:Infinity":9,"b:30:11:30:25:30:25:30:Infinity":5,"s:33:21:33:Infinity":10,"s:34:23:34:Infinity":11,"s:35:19:35:Infinity":12,"s:37:4:37:Infinity":13,"b:37:48:37:66:37:66:37:Infinity":6,"b:37:4:37:20:37:20:37:48":7,"s:39:25:41:Infinity":14,"b:40:6:40:Infinity:41:6:41:Infinity":8,"s:43:20:51:Infinity":15,"s:53:28:55:Infinity":16,"b:54:6:54:Infinity:55:6:55:Infinity":9,"s:57:2:70:Infinity":17,"b:61:57:61:72:61:72:61:74":10,"b:61:94:61:107:61:107:61:109":11,"b:61:152:61:171:61:171:61:173":12,"b:63:28:63:53:63:53:63:Infinity":13,"b:64:27:64:75:64:75:64:Infinity":14}}}
,"C:\\Users\\Ren\\Documents\\Estudo\\Storybook\\ComponentsStudy\\src\\Components\\Icons\\assets\\close.tsx": {"path":"C:\\Users\\Ren\\Documents\\Estudo\\Storybook\\ComponentsStudy\\src\\Components\\Icons\\assets\\close.tsx","statementMap":{"0":{"start":{"line":68,"column":6},"end":{"line":68,"column":7}},"1":{"start":{"line":1,"column":26},"end":{"line":1,"column":null}},"2":{"start":{"line":5,"column":45},"end":{"line":72,"column":null}},"3":{"start":{"line":14,"column":52},"end":{"line":14,"column":null}},"4":{"start":{"line":16,"column":2},"end":{"line":18,"column":null}},"5":{"start":{"line":17,"column":4},"end":{"line":17,"column":null}},"6":{"start":{"line":20,"column":18},"end":{"line":31,"column":null}},"7":{"start":{"line":23,"column":21},"end":{"line":27,"column":null}},"8":{"start":{"line":29,"column":23},"end":{"line":29,"column":null}},"9":{"start":{"line":30,"column":4},"end":{"line":30,"column":null}},"10":{"start":{"line":33,"column":21},"end":{"line":33,"column":null}},"11":{"start":{"line":34,"column":23},"end":{"line":34,"column":null}},"12":{"start":{"line":35,"column":19},"end":{"line":35,"column":null}},"13":{"start":{"line":37,"column":4},"end":{"line":37,"column":null}},"14":{"start":{"line":39,"column":25},"end":{"line":41,"column":null}},"15":{"start":{"line":43,"column":20},"end":{"line":51,"column":null}},"16":{"start":{"line":53,"column":28},"end":{"line":55,"column":null}},"17":{"start":{"line":57,"column":2},"end":{"line":70,"column":null}}},"fnMap":{"0":{"name":"(anonymous_0)","decl":{"start":{"line":5,"column":45},"end":{"line":5,"column":46}},"loc":{"start":{"line":13,"column":16},"end":{"line":72,"column":null}},"line":13},"1":{"name":"(anonymous_1)","decl":{"start":{"line":16,"column":12},"end":{"line":16,"column":18}},"loc":{"start":{"line":16,"column":18},"end":{"line":18,"column":5}},"line":16},"2":{"name":"(anonymous_2)","decl":{"start":{"line":20,"column":18},"end":{"line":20,"column":null}},"loc":{"start":{"line":22,"column":22},"end":{"line":31,"column":null}},"line":22}},"branchMap":{"0":{"loc":{"start":{"line":6,"column":2},"end":{"line":6,"column":null}},"type":"default-arg","locations":[{"start":{"line":6,"column":10},"end":{"line":6,"column":null}}],"line":6},"1":{"loc":{"start":{"line":7,"column":2},"end":{"line":7,"column":null}},"type":"default-arg","locations":[{"start":{"line":7,"column":9},"end":{"line":7,"column":null}}],"line":7},"2":{"loc":{"start":{"line":8,"column":2},"end":{"line":8,"column":null}},"type":"default-arg","locations":[{"start":{"line":8,"column":15},"end":{"line":8,"column":null}}],"line":8},"3":{"loc":{"start":{"line":9,"column":2},"end":{"line":9,"column":null}},"type":"default-arg","locations":[{"start":{"line":9,"column":15},"end":{"line":9,"column":null}}],"line":9},"4":{"loc":{"start":{"line":10,"column":2},"end":{"line":10,"column":null}},"type":"default-arg","locations":[{"start":{"line":10,"column":19},"end":{"line":10,"column":null}}],"line":10},"5":{"loc":{"start":{"line":30,"column":11},"end":{"line":30,"column":null}},"type":"binary-expr","locations":[{"start":{"line":30,"column":11},"end":{"line":30,"column":25}},{"start":{"line":30,"column":25},"end":{"line":30,"column":null}}],"line":30},"6":{"loc":{"start":{"line":37,"column":4},"end":{"line":37,"column":null}},"type":"cond-expr","locations":[{"start":{"line":37,"column":48},"end":{"line":37,"column":66}},{"start":{"line":37,"column":66},"end":{"line":37,"column":null}}],"line":37},"7":{"loc":{"start":{"line":37,"column":4},"end":{"line":37,"column":48}},"type":"binary-expr","locations":[{"start":{"line":37,"column":4},"end":{"line":37,"column":20}},{"start":{"line":37,"column":20},"end":{"line":37,"column":48}}],"line":37},"8":{"loc":{"start":{"line":39,"column":25},"end":{"line":41,"column":null}},"type":"cond-expr","locations":[{"start":{"line":40,"column":6},"end":{"line":40,"column":null}},{"start":{"line":41,"column":6},"end":{"line":41,"column":null}}],"line":39},"9":{"loc":{"start":{"line":53,"column":28},"end":{"line":55,"column":null}},"type":"cond-expr","locations":[{"start":{"line":54,"column":6},"end":{"line":54,"column":null}},{"start":{"line":55,"column":6},"end":{"line":55,"column":null}}],"line":53},"10":{"loc":{"start":{"line":61,"column":40},"end":{"line":61,"column":74}},"type":"cond-expr","locations":[{"start":{"line":61,"column":57},"end":{"line":61,"column":72}},{"start":{"line":61,"column":72},"end":{"line":61,"column":74}}],"line":61},"11":{"loc":{"start":{"line":61,"column":78},"end":{"line":61,"column":109}},"type":"cond-expr","locations":[{"start":{"line":61,"column":94},"end":{"line":61,"column":107}},{"start":{"line":61,"column":107},"end":{"line":61,"column":109}}],"line":61},"12":{"loc":{"start":{"line":61,"column":152},"end":{"line":61,"column":173}},"type":"binary-expr","locations":[{"start":{"line":61,"column":152},"end":{"line":61,"column":171}},{"start":{"line":61,"column":171},"end":{"line":61,"column":173}}],"line":61},"13":{"loc":{"start":{"line":63,"column":12},"end":{"line":63,"column":null}},"type":"cond-expr","locations":[{"start":{"line":63,"column":28},"end":{"line":63,"column":53}},{"start":{"line":63,"column":53},"end":{"line":63,"column":null}}],"line":63},"14":{"loc":{"start":{"line":64,"column":12},"end":{"line":64,"column":null}},"type":"cond-expr","locations":[{"start":{"line":64,"column":27},"end":{"line":64,"column":75}},{"start":{"line":64,"column":75},"end":{"line":64,"column":null}}],"line":64}},"s":{"0":2,"1":2,"2":2,"3":36,"4":36,"5":18,"6":36,"7":36,"8":36,"9":36,"10":36,"11":36,"12":36,"13":36,"14":36,"15":36,"16":36,"17":36},"f":{"0":36,"1":18,"2":36},"b":{"0":[36],"1":[36],"2":[36],"3":[36],"4":[36],"5":[36,0],"6":[0,36],"7":[36,0],"8":[4,32],"9":[8,28],"10":[27,9],"11":[36,0],"12":[36,32],"13":[9,27],"14":[0,36]},"meta":{"lastBranch":15,"lastFunction":3,"lastStatement":18,"seen":{"s:68:6:68:7":0,"s:1:26:1:Infinity":1,"s:5:45:72:Infinity":2,"f:5:45:5:46":0,"b:6:10:6:Infinity":0,"b:7:9:7:Infinity":1,"b:8:15:8:Infinity":2,"b:9:15:9:Infinity":3,"b:10:19:10:Infinity":4,"s:14:52:14:Infinity":3,"s:16:2:18:Infinity":4,"f:16:12:16:18":1,"s:17:4:17:Infinity":5,"s:20:18:31:Infinity":6,"f:20:18:20:Infinity":2,"s:23:21:27:Infinity":7,"s:29:23:29:Infinity":8,"s:30:4:30:Infinity":9,"b:30:11:30:25:30:25:30:Infinity":5,"s:33:21:33:Infinity":10,"s:34:23:34:Infinity":11,"s:35:19:35:Infinity":12,"s:37:4:37:Infinity":13,"b:37:48:37:66:37:66:37:Infinity":6,"b:37:4:37:20:37:20:37:48":7,"s:39:25:41:Infinity":14,"b:40:6:40:Infinity:41:6:41:Infinity":8,"s:43:20:51:Infinity":15,"s:53:28:55:Infinity":16,"b:54:6:54:Infinity:55:6:55:Infinity":9,"s:57:2:70:Infinity":17,"b:61:57:61:72:61:72:61:74":10,"b:61:94:61:107:61:107:61:109":11,"b:61:152:61:171:61:171:61:173":12,"b:63:28:63:53:63:53:63:Infinity":13,"b:64:27:64:75:64:75:64:Infinity":14}}}
,"C:\\Users\\Ren\\Documents\\Estudo\\Storybook\\ComponentsStudy\\src\\Components\\Icons\\assets\\copy.tsx": {"path":"C:\\Users\\Ren\\Documents\\Estudo\\Storybook\\ComponentsStudy\\src\\Components\\Icons\\assets\\copy.tsx","statementMap":{"0":{"start":{"line":68,"column":6},"end":{"line":68,"column":7}},"1":{"start":{"line":1,"column":26},"end":{"line":1,"column":null}},"2":{"start":{"line":5,"column":44},"end":{"line":72,"column":null}},"3":{"start":{"line":14,"column":52},"end":{"line":14,"column":null}},"4":{"start":{"line":16,"column":2},"end":{"line":18,"column":null}},"5":{"start":{"line":17,"column":4},"end":{"line":17,"column":null}},"6":{"start":{"line":20,"column":18},"end":{"line":31,"column":null}},"7":{"start":{"line":23,"column":21},"end":{"line":27,"column":null}},"8":{"start":{"line":29,"column":23},"end":{"line":29,"column":null}},"9":{"start":{"line":30,"column":4},"end":{"line":30,"column":null}},"10":{"start":{"line":33,"column":21},"end":{"line":33,"column":null}},"11":{"start":{"line":34,"column":23},"end":{"line":34,"column":null}},"12":{"start":{"line":35,"column":19},"end":{"line":35,"column":null}},"13":{"start":{"line":37,"column":4},"end":{"line":37,"column":null}},"14":{"start":{"line":39,"column":25},"end":{"line":41,"column":null}},"15":{"start":{"line":43,"column":20},"end":{"line":51,"column":null}},"16":{"start":{"line":53,"column":28},"end":{"line":55,"column":null}},"17":{"start":{"line":57,"column":2},"end":{"line":70,"column":null}}},"fnMap":{"0":{"name":"(anonymous_0)","decl":{"start":{"line":5,"column":44},"end":{"line":5,"column":45}},"loc":{"start":{"line":13,"column":16},"end":{"line":72,"column":null}},"line":13},"1":{"name":"(anonymous_1)","decl":{"start":{"line":16,"column":12},"end":{"line":16,"column":18}},"loc":{"start":{"line":16,"column":18},"end":{"line":18,"column":5}},"line":16},"2":{"name":"(anonymous_2)","decl":{"start":{"line":20,"column":18},"end":{"line":20,"column":null}},"loc":{"start":{"line":22,"column":22},"end":{"line":31,"column":null}},"line":22}},"branchMap":{"0":{"loc":{"start":{"line":6,"column":2},"end":{"line":6,"column":null}},"type":"default-arg","locations":[{"start":{"line":6,"column":10},"end":{"line":6,"column":null}}],"line":6},"1":{"loc":{"start":{"line":7,"column":2},"end":{"line":7,"column":null}},"type":"default-arg","locations":[{"start":{"line":7,"column":9},"end":{"line":7,"column":null}}],"line":7},"2":{"loc":{"start":{"line":8,"column":2},"end":{"line":8,"column":null}},"type":"default-arg","locations":[{"start":{"line":8,"column":15},"end":{"line":8,"column":null}}],"line":8},"3":{"loc":{"start":{"line":9,"column":2},"end":{"line":9,"column":null}},"type":"default-arg","locations":[{"start":{"line":9,"column":15},"end":{"line":9,"column":null}}],"line":9},"4":{"loc":{"start":{"line":10,"column":2},"end":{"line":10,"column":null}},"type":"default-arg","locations":[{"start":{"line":10,"column":19},"end":{"line":10,"column":null}}],"line":10},"5":{"loc":{"start":{"line":30,"column":11},"end":{"line":30,"column":null}},"type":"binary-expr","locations":[{"start":{"line":30,"column":11},"end":{"line":30,"column":25}},{"start":{"line":30,"column":25},"end":{"line":30,"column":null}}],"line":30},"6":{"loc":{"start":{"line":37,"column":4},"end":{"line":37,"column":null}},"type":"cond-expr","locations":[{"start":{"line":37,"column":48},"end":{"line":37,"column":66}},{"start":{"line":37,"column":66},"end":{"line":37,"column":null}}],"line":37},"7":{"loc":{"start":{"line":37,"column":4},"end":{"line":37,"column":48}},"type":"binary-expr","locations":[{"start":{"line":37,"column":4},"end":{"line":37,"column":20}},{"start":{"line":37,"column":20},"end":{"line":37,"column":48}}],"line":37},"8":{"loc":{"start":{"line":39,"column":25},"end":{"line":41,"column":null}},"type":"cond-expr","locations":[{"start":{"line":40,"column":6},"end":{"line":40,"column":null}},{"start":{"line":41,"column":6},"end":{"line":41,"column":null}}],"line":39},"9":{"loc":{"start":{"line":53,"column":28},"end":{"line":55,"column":null}},"type":"cond-expr","locations":[{"start":{"line":54,"column":6},"end":{"line":54,"column":null}},{"start":{"line":55,"column":6},"end":{"line":55,"column":null}}],"line":53},"10":{"loc":{"start":{"line":61,"column":40},"end":{"line":61,"column":74}},"type":"cond-expr","locations":[{"start":{"line":61,"column":57},"end":{"line":61,"column":72}},{"start":{"line":61,"column":72},"end":{"line":61,"column":74}}],"line":61},"11":{"loc":{"start":{"line":61,"column":78},"end":{"line":61,"column":109}},"type":"cond-expr","locations":[{"start":{"line":61,"column":94},"end":{"line":61,"column":107}},{"start":{"line":61,"column":107},"end":{"line":61,"column":109}}],"line":61},"12":{"loc":{"start":{"line":61,"column":152},"end":{"line":61,"column":173}},"type":"binary-expr","locations":[{"start":{"line":61,"column":152},"end":{"line":61,"column":171}},{"start":{"line":61,"column":171},"end":{"line":61,"column":173}}],"line":61},"13":{"loc":{"start":{"line":63,"column":12},"end":{"line":63,"column":null}},"type":"cond-expr","locations":[{"start":{"line":63,"column":28},"end":{"line":63,"column":53}},{"start":{"line":63,"column":53},"end":{"line":63,"column":null}}],"line":63},"14":{"loc":{"start":{"line":64,"column":12},"end":{"line":64,"column":null}},"type":"cond-expr","locations":[{"start":{"line":64,"column":27},"end":{"line":64,"column":75}},{"start":{"line":64,"column":75},"end":{"line":64,"column":null}}],"line":64}},"s":{"0":2,"1":2,"2":2,"3":36,"4":36,"5":18,"6":36,"7":36,"8":36,"9":36,"10":36,"11":36,"12":36,"13":36,"14":36,"15":36,"16":36,"17":36},"f":{"0":36,"1":18,"2":36},"b":{"0":[36],"1":[36],"2":[36],"3":[36],"4":[36],"5":[36,0],"6":[0,36],"7":[36,0],"8":[4,32],"9":[8,28],"10":[27,9],"11":[36,0],"12":[36,32],"13":[9,27],"14":[0,36]},"meta":{"lastBranch":15,"lastFunction":3,"lastStatement":18,"seen":{"s:68:6:68:7":0,"s:1:26:1:Infinity":1,"s:5:44:72:Infinity":2,"f:5:44:5:45":0,"b:6:10:6:Infinity":0,"b:7:9:7:Infinity":1,"b:8:15:8:Infinity":2,"b:9:15:9:Infinity":3,"b:10:19:10:Infinity":4,"s:14:52:14:Infinity":3,"s:16:2:18:Infinity":4,"f:16:12:16:18":1,"s:17:4:17:Infinity":5,"s:20:18:31:Infinity":6,"f:20:18:20:Infinity":2,"s:23:21:27:Infinity":7,"s:29:23:29:Infinity":8,"s:30:4:30:Infinity":9,"b:30:11:30:25:30:25:30:Infinity":5,"s:33:21:33:Infinity":10,"s:34:23:34:Infinity":11,"s:35:19:35:Infinity":12,"s:37:4:37:Infinity":13,"b:37:48:37:66:37:66:37:Infinity":6,"b:37:4:37:20:37:20:37:48":7,"s:39:25:41:Infinity":14,"b:40:6:40:Infinity:41:6:41:Infinity":8,"s:43:20:51:Infinity":15,"s:53:28:55:Infinity":16,"b:54:6:54:Infinity:55:6:55:Infinity":9,"s:57:2:70:Infinity":17,"b:61:57:61:72:61:72:61:74":10,"b:61:94:61:107:61:107:61:109":11,"b:61:152:61:171:61:171:61:173":12,"b:63:28:63:53:63:53:63:Infinity":13,"b:64:27:64:75:64:75:64:Infinity":14}}}
,"C:\\Users\\Ren\\Documents\\Estudo\\Storybook\\ComponentsStudy\\src\\Components\\Icons\\assets\\delete.tsx": {"path":"C:\\Users\\Ren\\Documents\\Estudo\\Storybook\\ComponentsStudy\\src\\Components\\Icons\\assets\\delete.tsx","statementMap":{"0":{"start":{"line":68,"column":6},"end":{"line":68,"column":7}},"1":{"start":{"line":1,"column":26},"end":{"line":1,"column":null}},"2":{"start":{"line":5,"column":46},"end":{"line":72,"column":null}},"3":{"start":{"line":14,"column":52},"end":{"line":14,"column":null}},"4":{"start":{"line":16,"column":2},"end":{"line":18,"column":null}},"5":{"start":{"line":17,"column":4},"end":{"line":17,"column":null}},"6":{"start":{"line":20,"column":18},"end":{"line":31,"column":null}},"7":{"start":{"line":23,"column":21},"end":{"line":27,"column":null}},"8":{"start":{"line":29,"column":23},"end":{"line":29,"column":null}},"9":{"start":{"line":30,"column":4},"end":{"line":30,"column":null}},"10":{"start":{"line":33,"column":21},"end":{"line":33,"column":null}},"11":{"start":{"line":34,"column":23},"end":{"line":34,"column":null}},"12":{"start":{"line":35,"column":19},"end":{"line":35,"column":null}},"13":{"start":{"line":37,"column":4},"end":{"line":37,"column":null}},"14":{"start":{"line":39,"column":25},"end":{"line":41,"column":null}},"15":{"start":{"line":43,"column":20},"end":{"line":51,"column":null}},"16":{"start":{"line":53,"column":28},"end":{"line":55,"column":null}},"17":{"start":{"line":57,"column":2},"end":{"line":70,"column":null}}},"fnMap":{"0":{"name":"(anonymous_0)","decl":{"start":{"line":5,"column":46},"end":{"line":5,"column":47}},"loc":{"start":{"line":13,"column":16},"end":{"line":72,"column":null}},"line":13},"1":{"name":"(anonymous_1)","decl":{"start":{"line":16,"column":12},"end":{"line":16,"column":18}},"loc":{"start":{"line":16,"column":18},"end":{"line":18,"column":5}},"line":16},"2":{"name":"(anonymous_2)","decl":{"start":{"line":20,"column":18},"end":{"line":20,"column":null}},"loc":{"start":{"line":22,"column":22},"end":{"line":31,"column":null}},"line":22}},"branchMap":{"0":{"loc":{"start":{"line":6,"column":2},"end":{"line":6,"column":null}},"type":"default-arg","locations":[{"start":{"line":6,"column":10},"end":{"line":6,"column":null}}],"line":6},"1":{"loc":{"start":{"line":7,"column":2},"end":{"line":7,"column":null}},"type":"default-arg","locations":[{"start":{"line":7,"column":9},"end":{"line":7,"column":null}}],"line":7},"2":{"loc":{"start":{"line":8,"column":2},"end":{"line":8,"column":null}},"type":"default-arg","locations":[{"start":{"line":8,"column":15},"end":{"line":8,"column":null}}],"line":8},"3":{"loc":{"start":{"line":9,"column":2},"end":{"line":9,"column":null}},"type":"default-arg","locations":[{"start":{"line":9,"column":15},"end":{"line":9,"column":null}}],"line":9},"4":{"loc":{"start":{"line":10,"column":2},"end":{"line":10,"column":null}},"type":"default-arg","locations":[{"start":{"line":10,"column":19},"end":{"line":10,"column":null}}],"line":10},"5":{"loc":{"start":{"line":30,"column":11},"end":{"line":30,"column":null}},"type":"binary-expr","locations":[{"start":{"line":30,"column":11},"end":{"line":30,"column":25}},{"start":{"line":30,"column":25},"end":{"line":30,"column":null}}],"line":30},"6":{"loc":{"start":{"line":37,"column":4},"end":{"line":37,"column":null}},"type":"cond-expr","locations":[{"start":{"line":37,"column":48},"end":{"line":37,"column":66}},{"start":{"line":37,"column":66},"end":{"line":37,"column":null}}],"line":37},"7":{"loc":{"start":{"line":37,"column":4},"end":{"line":37,"column":48}},"type":"binary-expr","locations":[{"start":{"line":37,"column":4},"end":{"line":37,"column":20}},{"start":{"line":37,"column":20},"end":{"line":37,"column":48}}],"line":37},"8":{"loc":{"start":{"line":39,"column":25},"end":{"line":41,"column":null}},"type":"cond-expr","locations":[{"start":{"line":40,"column":6},"end":{"line":40,"column":null}},{"start":{"line":41,"column":6},"end":{"line":41,"column":null}}],"line":39},"9":{"loc":{"start":{"line":53,"column":28},"end":{"line":55,"column":null}},"type":"cond-expr","locations":[{"start":{"line":54,"column":6},"end":{"line":54,"column":null}},{"start":{"line":55,"column":6},"end":{"line":55,"column":null}}],"line":53},"10":{"loc":{"start":{"line":61,"column":40},"end":{"line
[...]
":122,"column":56},"end":{"line":122,"column":null}}],"line":122},"28":{"loc":{"start":{"line":131,"column":65},"end":{"line":131,"column":96}},"type":"cond-expr","locations":[{"start":{"line":131,"column":81},"end":{"line":131,"column":94}},{"start":{"line":131,"column":94},"end":{"line":131,"column":96}}],"line":131},"29":{"loc":{"start":{"line":132,"column":19},"end":{"line":132,"column":65}},"type":"cond-expr","locations":[{"start":{"line":132,"column":34},"end":{"line":132,"column":61}},{"start":{"line":132,"column":61},"end":{"line":132,"column":65}}],"line":132},"30":{"loc":{"start":{"line":134,"column":7},"end":{"line":138,"column":null}},"type":"binary-expr","locations":[{"start":{"line":134,"column":7},"end":{"line":134,"column":null}},{"start":{"line":135,"column":8},"end":{"line":138,"column":null}}],"line":134},"31":{"loc":{"start":{"line":136,"column":65},"end":{"line":136,"column":119}},"type":"cond-expr","locations":[{"start":{"line":136,"column":92},"end":{"line":136,"column":117}},{"start":{"line":136,"column":117},"end":{"line":136,"column":119}}],"line":136},"32":{"loc":{"start":{"line":141,"column":118},"end":{"line":141,"column":152}},"type":"cond-expr","locations":[{"start":{"line":141,"column":135},"end":{"line":141,"column":150}},{"start":{"line":141,"column":150},"end":{"line":141,"column":152}}],"line":141},"33":{"loc":{"start":{"line":141,"column":156},"end":{"line":141,"column":177}},"type":"binary-expr","locations":[{"start":{"line":141,"column":156},"end":{"line":141,"column":175}},{"start":{"line":141,"column":175},"end":{"line":141,"column":177}}],"line":141},"34":{"loc":{"start":{"line":146,"column":30},"end":{"line":146,"column":null}},"type":"cond-expr","locations":[{"start":{"line":146,"column":42},"end":{"line":146,"column":54}},{"start":{"line":146,"column":54},"end":{"line":146,"column":null}}],"line":146},"35":{"loc":{"start":{"line":149,"column":9},"end":{"line":150,"column":null}},"type":"binary-expr","locations":[{"start":{"line":149,"column":9},"end":{"line":149,"column":null}},{"start":{"line":150,"column":10},"end":{"line":150,"column":null}}],"line":149},"36":{"loc":{"start":{"line":156,"column":22},"end":{"line":158,"column":null}},"type":"cond-expr","locations":[{"start":{"line":157,"column":6},"end":{"line":157,"column":null}},{"start":{"line":158,"column":6},"end":{"line":158,"column":null}}],"line":156},"37":{"loc":{"start":{"line":163,"column":7},"end":{"line":166,"column":null}},"type":"binary-expr","locations":[{"start":{"line":163,"column":7},"end":{"line":163,"column":null}},{"start":{"line":164,"column":8},"end":{"line":166,"column":null}}],"line":163}},"s":{"0":1,"1":1,"2":1,"3":64,"4":64,"5":64,"6":16,"7":64,"8":16,"9":64,"10":64,"11":64,"12":64,"13":64,"14":64,"15":64,"16":64,"17":64,"18":64,"19":64,"20":64,"21":64,"22":128,"23":34,"24":94,"25":64,"26":64,"27":64,"28":64,"29":64,"30":40,"31":64,"32":24,"33":64,"34":64},"f":{"0":64,"1":16,"2":16,"3":64,"4":128,"5":40,"6":24},"b":{"0":[64],"1":[64],"2":[64],"3":[64],"4":[64],"5":[64],"6":[64],"7":[64],"8":[64],"9":[64],"10":[64],"11":[64,0],"12":[0,64],"13":[64,0],"14":[64,16],"15":[64,0],"16":[34,94],"17":[94,1],"18":[16,48],"19":[18,46],"20":[40,0],"21":[0,40],"22":[40,36],"23":[27,9],"24":[40,36],"25":[25,11],"26":[36,32],"27":[4,32],"28":[24,0],"29":[0,24],"30":[24,24],"31":[18,6],"32":[18,6],"33":[24,24],"34":[0,24],"35":[24,20],"36":[24,40],"37":[64,16]},"meta":{"lastBranch":38,"lastFunction":7,"lastStatement":35,"seen":{"s:111:8:111:9":0,"s:1:26:1:Infinity":1,"s:8:4:171:Infinity":2,"f:8:4:8:5":0,"b:9:10:9:Infinity":0,"b:10:9:10:Infinity":1,"b:11:10:11:Infinity":2,"b:12:20:12:Infinity":3,"b:13:14:13:Infinity":4,"b:14:14:14:Infinity":5,"b:15:21:15:Infinity":6,"b:16:18:16:Infinity":7,"b:17:13:17:Infinity":8,"b:19:18:19:Infinity":9,"b:20:18:20:Infinity":10,"s:25:52:25:Infinity":3,"s:30:6:30:Infinity":4,"s:32:2:34:Infinity":5,"f:32:12:32:18":1,"s:33:4:33:Infinity":6,"s:36:2:38:Infinity":7,"f:36:12:36:18":2,"s:37:4:37:Infinity":8,"s:40:18:51:Infinity":9,"f:40:18:40:Infinity":3,"s:43:23:47:Infinity":10,"s:49:23:49:Infinity":11,"s:50:4:50:Infinity":12,"b:50:11:50:25:50:25:50:Infinity":11,"s:53:21:53:Infinity":13,"s:54:23:54:Infinity":14,"s:55:19:55:Infinity":15,"s:57:4:57:Infinity":16,"b:57:48:57:66:57:66:57:Infinity":12,"b:57:4:57:20:57:20:57:48":13,"s:59:24:65:Infinity":17,"s:67:20:67:Infinity":18,"b:67:20:67:32:67:32:67:Infinity":14,"s:68:23:68:Infinity":19,"b:68:49:68:66:68:66:68:67":15,"s:70:49:77:Infinity":20,"s:79:23:86:Infinity":21,"f:79:23:79:Infinity":4,"b:84:4:84:Infinity:undefined:undefined:undefined:undefined":16,"s:84:4:84:Infinity":22,"s:84:18:84:Infinity":23,"s:85:4:85:Infinity":24,"b:85:11:85:51:85:51:85:Infinity":17,"s:88:24:88:Infinity":25,"s:89:34:93:Infinity":26,"s:95:37:99:Infinity":27,"b:97:8:97:Infinity:98:8:98:Infinity":18,"s:101:35:103:Infinity":28,"b:102:24:102:61:102:61:102:Infinity":19,"s:105:35:126:Infinity":29,"f:105:35:105:Infinity":5,"s:106:4:126:Infinity":30,"b:107:81:107:94:107:94:107:96":20,"b:108:34:108:61:108:61:108:65":21,"b:110:7:110:Infinity:111:8:114:Infinity":22,"b:112:92:112:117:112:117:112:119":23,"b:116:7:116:Infinity:117:8:124:Infinity":24,"b:118:110:118:125:118:125:118:127":25,"b:118:131:118:150:118:150:118:152":26,"b:122:44:122:56:122:56:122:Infinity":27,"s:129:36:153:Infinity":31,"f:129:36:129:Infinity":6,"s:130:4:153:Infinity":32,"b:131:81:131:94:131:94:131:96":28,"b:132:34:132:61:132:61:132:65":29,"b:134:7:134:Infinity:135:8:138:Infinity":30,"b:136:92:136:117:136:117:136:119":31,"b:141:135:141:150:141:150:141:152":32,"b:141:156:141:175:141:175:141:177":33,"b:146:42:146:54:146:54:146:Infinity":34,"b:149:9:149:Infinity:150:10:150:Infinity":35,"s:156:22:158:Infinity":33,"b:157:6:157:Infinity:158:6:158:Infinity":36,"s:160:2:169:Infinity":34,"b:163:7:163:Infinity:164:8:166:Infinity":37}}}
,"C:\\Users\\Ren\\Documents\\Estudo\\Storybook\\ComponentsStudy\\src\\Components\\Skeleton\\index.tsx": {"path":"C:\\Users\\Ren\\Documents\\Estudo\\Storybook\\ComponentsStudy\\src\\Components\\Skeleton\\index.tsx","statementMap":{"0":{"start":{"line":46,"column":6},"end":{"line":46,"column":7}},"1":{"start":{"line":1,"column":26},"end":{"line":1,"column":null}},"2":{"start":{"line":5,"column":57},"end":{"line":51,"column":null}},"3":{"start":{"line":16,"column":52},"end":{"line":16,"column":null}},"4":{"start":{"line":18,"column":2},"end":{"line":20,"column":null}},"5":{"start":{"line":19,"column":4},"end":{"line":19,"column":null}},"6":{"start":{"line":22,"column":24},"end":{"line":27,"column":null}},"7":{"start":{"line":29,"column":15},"end":{"line":29,"column":null}},"8":{"start":{"line":31,"column":26},"end":{"line":34,"column":null}},"9":{"start":{"line":36,"column":19},"end":{"line":36,"column":null}},"10":{"start":{"line":37,"column":2},"end":{"line":49,"column":null}}},"fnMap":{"0":{"name":"(anonymous_0)","decl":{"start":{"line":5,"column":57},"end":{"line":5,"column":58}},"loc":{"start":{"line":15,"column":20},"end":{"line":51,"column":null}},"line":15},"1":{"name":"(anonymous_1)","decl":{"start":{"line":18,"column":12},"end":{"line":18,"column":18}},"loc":{"start":{"line":18,"column":18},"end":{"line":20,"column":5}},"line":18}},"branchMap":{"0":{"loc":{"start":{"line":8,"column":2},"end":{"line":8,"column":null}},"type":"default-arg","locations":[{"start":{"line":8,"column":10},"end":{"line":8,"column":null}}],"line":8},"1":{"loc":{"start":{"line":9,"column":2},"end":{"line":9,"column":null}},"type":"default-arg","locations":[{"start":{"line":9,"column":15},"end":{"line":9,"column":null}}],"line":9},"2":{"loc":{"start":{"line":10,"column":2},"end":{"line":10,"column":null}},"type":"default-arg","locations":[{"start":{"line":10,"column":19},"end":{"line":10,"column":null}}],"line":10},"3":{"loc":{"start":{"line":11,"column":2},"end":{"line":11,"column":null}},"type":"default-arg","locations":[{"start":{"line":11,"column":12},"end":{"line":11,"column":null}}],"line":11},"4":{"loc":{"start":{"line":23,"column":30},"end":{"line":23,"column":56}},"type":"cond-expr","locations":[{"start":{"line":23,"column":42},"end":{"line":23,"column":54}},{"start":{"line":23,"column":54},"end":{"line":23,"column":56}}],"line":23},"5":{"loc":{"start":{"line":24,"column":33},"end":{"line":24,"column":63}},"type":"cond-expr","locations":[{"start":{"line":24,"column":45},"end":{"line":24,"column":61}},{"start":{"line":24,"column":61},"end":{"line":24,"column":63}}],"line":24},"6":{"loc":{"start":{"line":25,"column":27},"end":{"line":25,"column":57}},"type":"cond-expr","locations":[{"start":{"line":25,"column":39},"end":{"line":25,"column":55}},{"start":{"line":25,"column":55},"end":{"line":25,"column":57}}],"line":25},"7":{"loc":{"start":{"line":26,"column":24},"end":{"line":26,"column":53}},"type":"cond-expr","locations":[{"start":{"line":26,"column":36},"end":{"line":26,"column":51}},{"start":{"line":26,"column":51},"end":{"line":26,"column":53}}],"line":26},"8":{"loc":{"start":{"line":29,"column":15},"end":{"line":29,"column":null}},"type":"cond-expr","locations":[{"start":{"line":29,"column":27},"end":{"line":29,"column":78}},{"start":{"line":29,"column":78},"end":{"line":29,"column":null}}],"line":29},"9":{"loc":{"start":{"line":36,"column":19},"end":{"line":36,"column":null}},"type":"binary-expr","locations":[{"start":{"line":36,"column":19},"end":{"line":36,"column":33}},{"start":{"line":36,"column":33},"end":{"line":36,"column":null}}],"line":36},"10":{"loc":{"start":{"line":39,"column":94},"end":{"line":39,"column":130}},"type":"binary-expr","locations":[{"start":{"line":39,"column":94},"end":{"line":39,"column":110}},{"start":{"line":39,"column":110},"end":{"line":39,"column":130}}],"line":39},"11":{"loc":{"start":{"line":39,"column":134},"end":{"line":39,"column":201}},"type":"cond-expr","locations":[{"start":{"line":39,"column":160},"end":{"line":39,"column":187}},{"start":{"line":39,"column":187},"end":{"line":39,"column":201}}],"line":39},"12":{"loc":{"start":{"line":39,"column":134},"end":{"line":39,"column":160}},"type":"binary-expr","locations":[{"start":{"line":39,"column":134},"end":{"line":39,"column":148}},{"start":{"line":39,"column":148},"end":{"line":39,"column":160}}],"line":39},"13":{"loc":{"start":{"line":39,"column":205},"end":{"line":39,"column":226}},"type":"binary-expr","locations":[{"start":{"line":39,"column":205},"end":{"line":39,"column":224}},{"start":{"line":39,"column":224},"end":{"line":39,"column":226}}],"line":39},"14":{"loc":{"start":{"line":41,"column":12},"end":{"line":41,"column":null}},"type":"cond-expr","locations":[{"start":{"line":41,"column":28},"end":{"line":41,"column":64}},{"start":{"line":41,"column":64},"end":{"line":41,"column":null}}],"line":41},"15":{"loc":{"start":{"line":48,"column":7},"end":{"line":48,"column":null}},"type":"binary-expr","locations":[{"start":{"line":48,"column":7},"end":{"line":48,"column":19}},{"start":{"line":48,"column":19},"end":{"line":48,"column":null}}],"line":48}},"s":{"0":1,"1":1,"2":1,"3":36,"4":36,"5":18,"6":36,"7":36,"8":36,"9":36,"10":36},"f":{"0":36,"1":18},"b":{"0":[36],"1":[36],"2":[36],"3":[36],"4":[28,8],"5":[28,8],"6":[28,8],"7":[28,8],"8":[28,8],"9":[36,32],"10":[36,18],"11":[28,8],"12":[36,32],"13":[36,32],"14":[25,11],"15":[36,4]},"meta":{"lastBranch":16,"lastFunction":2,"lastStatement":11,"seen":{"s:46:6:46:7":0,"s:1:26:1:Infinity":1,"s:5:57:51:Infinity":2,"f:5:57:5:58":0,"b:8:10:8:Infinity":0,"b:9:15:9:Infinity":1,"b:10:19:10:Infinity":2,"b:11:12:11:Infinity":3,"s:16:52:16:Infinity":3,"s:18:2:20:Infinity":4,"f:18:12:18:18":1,"s:19:4:19:Infinity":5,"s:22:24:27:Infinity":6,"b:23:42:23:54:23:54:23:56":4,"b:24:45:24:61:24:61:24:63":5,"b:25:39:25:55:25:55:25:57":6,"b:26:36:26:51:26:51:26:53":7,"s:29:15:29:Infinity":7,"b:29:27:29:78:29:78:29:Infinity":8,"s:31:26:34:Infinity":8,"s:36:19:36:Infinity":9,"b:36:19:36:33:36:33:36:Infinity":9,"s:37:2:49:Infinity":10,"b:39:94:39:110:39:110:39:130":10,"b:39:160:39:187:39:187:39:201":11,"b:39:134:39:148:39:148:39:160":12,"b:39:205:39:224:39:224:39:226":13,"b:41:28:41:64:41:64:41:Infinity":14,"b:48:7:48:19:48:19:48:Infinity":15}}}
,"C:\\Users\\Ren\\Documents\\Estudo\\Storybook\\ComponentsStudy\\src\\Components\\Typography\\index.tsx": {"path":"C:\\Users\\Ren\\Documents\\Estudo\\Storybook\\ComponentsStudy\\src\\Components\\Typography\\index.tsx","statementMap":{"0":{"start":{"line":58,"column":4},"end":{"line":58,"column":5}},"1":{"start":{"line":7,"column":61},"end":{"line":66,"column":null}},"2":{"start":{"line":15,"column":20},"end":{"line":15,"column":null}},"3":{"start":{"line":17,"column":24},"end":{"line":26,"column":null}},"4":{"start":{"line":28,"column":22},"end":{"line":35,"column":null}},"5":{"start":{"line":37,"column":19},"end":{"line":52,"column":null}},"6":{"start":{"line":38,"column":24},"end":{"line":48,"column":null}},"7":{"start":{"line":50,"column":24},"end":{"line":50,"column":null}},"8":{"start":{"line":51,"column":4},"end":{"line":51,"column":null}},"9":{"start":{"line":54,"column":22},"end":{"line":54,"column":null}},"10":{"start":{"line":55,"column":21},"end":{"line":55,"column":null}},"11":{"start":{"line":57,"column":2},"end":{"line":64,"column":null}}},"fnMap":{"0":{"name":"(anonymous_0)","decl":{"start":{"line":7,"column":61},"end":{"line":7,"column":62}},"loc":{"start":{"line":14,"column":22},"end":{"line":66,"column":null}},"line":14},"1":{"name":"(anonymous_1)","decl":{"start":{"line":37,"column":19},"end":{"line":37,"column":20}},"loc":{"start":{"line":37,"column":75},"end":{"line":52,"column":null}},"line":37}},"branchMap":{"0":{"loc":{"start":{"line":8,"column":2},"end":{"line":8,"column":null}},"type":"default-arg","locations":[{"start":{"line":8,"column":10},"end":{"line":8,"column":null}}],"line":8},"1":{"loc":{"start":{"line":9,"column":2},"end":{"line":9,"column":null}},"type":"default-arg","locations":[{"start":{"line":9,"column":10},"end":{"line":9,"column":null}}],"line":9},"2":{"loc":{"start":{"line":10,"column":2},"end":{"line":10,"column":null}},"type":"default-arg","locations":[{"start":{"line":10,"column":12},"end":{"line":10,"column":null}}],"line":10},"3":{"loc":{"start":{"line":51,"column":11},"end":{"line":51,"column":null}},"type":"binary-expr","locations":[{"start":{"line":51,"column":11},"end":{"line":51,"column":26}},{"start":{"line":51,"column":26},"end":{"line":51,"column":null}}],"line":51},"4":{"loc":{"start":{"line":55,"column":21},"end":{"line":55,"column":null}},"type":"cond-expr","locations":[{"start":{"line":55,"column":36},"end":{"line":55,"column":55}},{"start":{"line":55,"column":55},"end":{"line":55,"column":null}}],"line":55},"5":{"loc":{"start":{"line":59,"column":68},"end":{"line":59,"column":85}},"type":"binary-expr","locations":[{"start":{"line":59,"column":68},"end":{"line":59,"column":83}},{"start":{"line":59,"column":83},"end":{"line":59,"column":85}}],"line":59},"6":{"loc":{"start":{"line":59,"column":89},"end":{"line":59,"column":110}},"type":"binary-expr","locations":[{"start":{"line":59,"column":89},"end":{"line":59,"column":108}},{"start":{"line":59,"column":108},"end":{"line":59,"column":110}}],"line":59}},"s":{"0":1,"1":1,"2":6,"3":6,"4":6,"5":6,"6":6,"7":6,"8":6,"9":6,"10":6,"11":6},"f":{"0":6,"1":6},"b":{"0":[6],"1":[6],"2":[6],"3":[6,1],"4":[1,5],"5":[6,1],"6":[6,5]},"meta":{"lastBranch":7,"lastFunction":2,"lastStatement":12,"seen":{"s:58:4:58:5":0,"s:7:61:66:Infinity":1,"f:7:61:7:62":0,"b:8:10:8:Infinity":0,"b:9:10:9:Infinity":1,"b:10:12:10:Infinity":2,"s:15:20:15:Infinity":2,"s:17:24:26:Infinity":3,"s:28:22:35:Infinity":4,"s:37:19:52:Infinity":5,"f:37:19:37:20":1,"s:38:24:48:Infinity":6,"s:50:24:50:Infinity":7,"s:51:4:51:Infinity":8,"b:51:11:51:26:51:26:51:Infinity":3,"s:54:22:54:Infinity":9,"s:55:21:55:Infinity":10,"b:55:36:55:55:55:55:55:Infinity":4,"s:57:2:64:Infinity":11,"b:59:68:59:83:59:83:59:85":5,"b:59:89:59:108:59:108:59:110":6}}}
,"C:\\Users\\Ren\\Documents\\Estudo\\Storybook\\ComponentsStudy\\src\\utils\\hooks\\useColor.tsx": {"path":"C:\\Users\\Ren\\Documents\\Estudo\\Storybook\\ComponentsStudy\\src\\utils\\hooks\\useColor.tsx","statementMap":{"0":{"start":{"line":12,"column":24},"end":{"line":49,"column":null}},"1":{"start":{"line":13,"column":24},"end":{"line":13,"column":null}},"2":{"start":{"line":14,"column":38},"end":{"line":14,"column":null}},"3":{"start":{"line":15,"column":40},"end":{"line":15,"column":null}},"4":{"start":{"line":17,"column":2},"end":{"line":31,"column":null}},"5":{"start":{"line":18,"column":24},"end":{"line":18,"column":null}},"6":{"start":{"line":20,"column":4},"end":{"line":24,"column":null}},"7":{"start":{"line":21,"column":6},"end":{"line":21,"column":null}},"8":{"start":{"line":23,"column":6},"end":{"line":23,"column":null}},"9":{"start":{"line":26,"column":23},"end":{"line":26,"column":null}},"10":{"start":{"line":28,"column":4},"end":{"line":28,"column":null}},"11":{"start":{"line":33,"column":19},"end":{"line":46,"column":null}},"12":{"start":{"line":34,"column":24},"end":{"line":41,"column":null}},"13":{"start":{"line":43,"column":24},"end":{"line":43,"column":null}},"14":{"start":{"line":45,"column":4},"end":{"line":45,"column":null}},"15":{"start":{"line":48,"column":2},"end":{"line":48,"column":null}},"16":{"start":{"line":1,"column":36},"end":{"line":1,"column":null}},"17":{"start":{"line":13,"column":28},"end":{"line":13,"column":null}},"18":{"start":{"line":14,"column":42},"end":{"line":14,"column":null}},"19":{"start":{"line":15,"column":44},"end":{"line":15,"column":null}}},"fnMap":{"0":{"name":"(anonymous_0)","decl":{"start":{"line":12,"column":24},"end":{"line":12,"column":25}},"loc":{"start":{"line":12,"column":63},"end":{"line":49,"column":null}},"line":12},"1":{"name":"(anonymous_1)","decl":{"start":{"line":17,"column":12},"end":{"line":17,"column":18}},"loc":{"start":{"line":17,"column":18},"end":{"line":31,"column":5}},"line":17},"2":{"name":"(anonymous_2)","decl":{"start":{"line":33,"column":19},"end":{"line":33,"column":20}},"loc":{"start":{"line":33,"column":65},"end":{"line":46,"column":null}},"line":33}},"branchMap":{"0":{"loc":{"start":{"line":20,"column":4},"end":{"line":24,"column":null}},"type":"if","locations":[{"start":{"line":20,"column":4},"end":{"line":24,"column":null}},{"start":{"line":22,"column":11},"end":{"line":24,"column":null}}],"line":20},"1":{"loc":{"start":{"line":26,"column":23},"end":{"line":26,"column":null}},"type":"cond-expr","locations":[{"start":{"line":26,"column":38},"end":{"line":26,"column":46}},{"start":{"line":26,"column":46},"end":{"line":26,"column":null}}],"line":26},"2":{"loc":{"start":{"line":28,"column":20},"end":{"line":28,"column":45}},"type":"binary-expr","locations":[{"start":{"line":28,"column":20},"end":{"line":28,"column":35}},{"start":{"line":28,"column":35},"end":{"line":28,"column":45}}],"line":28},"3":{"loc":{"start":{"line":45,"column":11},"end":{"line":45,"column":null}},"type":"binary-expr","locations":[{"start":{"line":45,"column":11},"end":{"line":45,"column":26}},{"start":{"line":45,"column":26},"end":{"line":45,"column":null}}],"line":45}},"s":{"0":8,"1":17,"2":17,"3":17,"4":1286,"5":963,"6":963,"7":353,"8":610,"9":963,"10":963,"11":1286,"12":963,"13":963,"14":963,"15":1286,"16":7,"17":1286,"18":1286,"19":1286},"f":{"0":1286,"1":963,"2":963},"b":{"0":[353,610],"1":[353,610],"2":[963,353],"3":[963,353]},"meta":{"lastBranch":4,"lastFunction":3,"lastStatement":16,"seen":{"s:12:24:49:Infinity":0,"f:12:24:12:25":0,"s:13:24:13:Infinity":1,"s:14:38:14:Infinity":2,"s:15:40:15:Infinity":3,"s:17:2:31:Infinity":4,"f:17:12:17:18":1,"s:18:24:18:Infinity":5,"b:20:4:24:Infinity:22:11:24:Infinity":0,"s:20:4:24:Infinity":6,"s:21:6:21:Infinity":7,"s:23:6:23:Infinity":8,"s:26:23:26:Infinity":9,"b:26:38:26:46:26:46:26:Infinity":1,"s:28:4:28:Infinity":10,"b:28:20:28:35:28:35:28:45":2,"s:33:19:46:Infinity":11,"f:33:19:33:20":2,"s:34:24:41:Infinity":12,"s:43:24:43:Infinity":13,"s:45:4:45:Infinity":14,"b:45:11:45:26:45:26:45:Infinity":3,"s:48:2:48:Infinity":15}}}
}
